[  0%] Built target std_msgs_generate_messages_py
[  0%] Built target std_msgs_generate_messages_cpp
[  0%] Built target std_msgs_generate_messages_eus
[  0%] Built target std_msgs_generate_messages_lisp
[  0%] Built target std_msgs_generate_messages_nodejs
[  0%] Built target _my_package_generate_messages_check_deps_srv1
[  0%] Built target _my_package_generate_messages_check_deps_srv2
[  0%] Built target _my_package_generate_messages_check_deps_RVL
[ 72%] Built target my_package_generate_messages_eus
[ 72%] Built target my_package_generate_messages_lisp
[ 72%] Built target my_package_generate_messages_nodejs
[ 81%] Built target my_package_generate_messages_py
[ 81%] Built target my_package_generate_messages_cpp
[35m[1mScanning dependencies of target robotControl[0m
[ 81%] Built target my_package_generate_messages
[ 95%] [32mBuilding CXX object CMakeFiles/robotControl.dir/src/robotControl.cpp.o[0m
[ 90%] Built target listener
In file included from [01m[K/opt/ros/noetic/include/ros/ros.h:40[m[K,
                 from [01m[K/home/cexxo39/excercise1_ws/src/my_package/src/robotControl.cpp:1[m[K:
[01m[K/home/cexxo39/excercise1_ws/src/my_package/src/robotControl.cpp:[m[K In function ‘[01m[Kbool info(my_package::srv1::Request&, my_package::srv1::Response&)[m[K’:
[01m[K/home/cexxo39/excercise1_ws/src/my_package/src/robotControl.cpp:21:11:[m[K [01;35m[Kwarning: [m[Kformat ‘[01m[K%d[m[K’ expects argument of type ‘[01m[Kint[m[K’, but argument 9 has type ‘[01m[Kstd_msgs::Header_<std::allocator<void> >::_stamp_type[m[K’ {aka ‘[01m[Kros::Time[m[K’} [[01;35m[K-Wformat=[m[K]
   21 |  ROS_INFO([01;35m[K"Request header %d, %d, %s"[m[K, req.msg.seq, [32m[Kreq.msg.stamp[m[K, req.msg.frame_id.c_str());
      |           [01;35m[K^~~~~~~~~~~~~~~~~~~~~~~~~~~[m[K               [32m[K~~~~~~~~~~~~~[m[K
      |                                                             [32m[K|[m[K
      |                                                             [32m[Kstd_msgs::Header_<std::allocator<void> >::_stamp_type {aka ros::Time}[m[K
[01m[K/opt/ros/noetic/include/ros/console.h:351:165:[m[K [01;36m[Knote: [m[Kin definition of macro ‘[01m[KROSCONSOLE_PRINT_AT_LOCATION_WITH_FILTER[m[K’
  351 |     ::ros::console::print(filter, __rosconsole_define_location__loc.logger_, __rosconsole_define_location__loc.level_, __FILE__, __LINE__, __ROSCONSOLE_FUNCTION__, [01;36m[K__VA_ARGS__[m[K)
      |                                                                                                                                                                     [01;36m[K^~~~~~~~~~~[m[K
[01m[K/opt/ros/noetic/include/ros/console.h:390:7:[m[K [01;36m[Knote: [m[Kin expansion of macro ‘[01m[KROSCONSOLE_PRINT_AT_LOCATION[m[K’
  390 |       [01;36m[KROSCONSOLE_PRINT_AT_LOCATION[m[K(__VA_ARGS__); \
      |       [01;36m[K^~~~~~~~~~~~~~~~~~~~~~~~~~~~[m[K
[01m[K/opt/ros/noetic/include/ros/console.h:575:35:[m[K [01;36m[Knote: [m[Kin expansion of macro ‘[01m[KROS_LOG_COND[m[K’
  575 | #define ROS_LOG(level, name, ...) [01;36m[KROS_LOG_COND[m[K(true, level, name, __VA_ARGS__)
      |                                   [01;36m[K^~~~~~~~~~~~[m[K
[01m[K/opt/ros/noetic/include/rosconsole/macros_generated.h:110:23:[m[K [01;36m[Knote: [m[Kin expansion of macro ‘[01m[KROS_LOG[m[K’
  110 | #define ROS_INFO(...) [01;36m[KROS_LOG[m[K(::ros::console::levels::Info, ROSCONSOLE_DEFAULT_NAME, __VA_ARGS__)
      |                       [01;36m[K^~~~~~~[m[K
[01m[K/home/cexxo39/excercise1_ws/src/my_package/src/robotControl.cpp:21:2:[m[K [01;36m[Knote: [m[Kin expansion of macro ‘[01m[KROS_INFO[m[K’
   21 |  [01;36m[KROS_INFO[m[K("Request header %d, %d, %s", req.msg.seq, req.msg.stamp, req.msg.frame_id.c_str());
      |  [01;36m[K^~~~~~~~[m[K
[01m[K/home/cexxo39/excercise1_ws/src/my_package/src/robotControl.cpp:21:32:[m[K [01;36m[Knote: [m[Kformat string is defined here
   21 |  ROS_INFO("Request header %d, [01;36m[K%d[m[K, %s", req.msg.seq, req.msg.stamp, req.msg.frame_id.c_str());
      |                               [01;36m[K~^[m[K
      |                                [01;36m[K|[m[K
      |                                [01;36m[Kint[m[K
[100%] [32m[1mLinking CXX executable /home/cexxo39/excercise1_ws/devel/.private/my_package/lib/my_package/robotControl[0m
[100%] Built target robotControl
