[  0%] Built target std_msgs_generate_messages_cpp
[  0%] Built target actionlib_msgs_generate_messages_cpp
[  0%] Built target _my_package_generate_messages_check_deps_myActionActionResult
[  0%] Built target _my_package_generate_messages_check_deps_my_actionFeedback
[  0%] Built target _my_package_generate_messages_check_deps_myActionAction
[  0%] Built target _my_package_generate_messages_check_deps_srv1
[  0%] Built target _my_package_generate_messages_check_deps_srv2
[  0%] Built target _my_package_generate_messages_check_deps_my_actionGoal
[  0%] Built target _my_package_generate_messages_check_deps_myActionActionGoal
[  0%] Built target _my_package_generate_messages_check_deps_myActionActionFeedback
[  0%] Built target _my_package_generate_messages_check_deps_RVL
[  0%] Built target _my_package_generate_messages_check_deps_my_actionActionResult
[  0%] Built target _my_package_generate_messages_check_deps_myActionResult
[  0%] Built target _my_package_generate_messages_check_deps_myActionGoal
[  0%] Built target _my_package_generate_messages_check_deps_myActionFeedback
[  0%] Built target _my_package_generate_messages_check_deps_my_actionAction
[  0%] Built target actionlib_msgs_generate_messages_nodejs
[  0%] Built target std_msgs_generate_messages_nodejs
[  0%] Built target std_msgs_generate_messages_py
[  0%] Built target actionlib_msgs_generate_messages_py
[  0%] Built target std_msgs_generate_messages_lisp
[  0%] Built target _my_package_generate_messages_check_deps_my_actionActionGoal
[  0%] Built target actionlib_msgs_generate_messages_lisp
[  0%] Built target std_msgs_generate_messages_eus
[  0%] Built target _my_package_generate_messages_check_deps_my_actionActionFeedback
[  0%] Built target actionlib_msgs_generate_messages_eus
[  0%] Built target _my_package_generate_messages_check_deps_my_actionResult
[ 67%] Built target my_package_generate_messages_py
[ 63%] Built target my_package_generate_messages_nodejs
[ 77%] Built target my_package_generate_messages_cpp
[ 78%] Built target my_package_generate_messages_lisp
[ 95%] Built target my_package_generate_messages_eus
[35m[1mScanning dependencies of target robotControl[0m
[ 95%] Built target my_package_generate_messages
[ 97%] Built target listener
[ 98%] [32mBuilding CXX object CMakeFiles/robotControl.dir/src/robotControl.cpp.o[0m
[01m[K/home/cexxo39/excercise1_ws/src/my_package/src/robotControl.cpp:[m[K In member function ‘[01m[Kvoid my_actionAction::executeCB(const my_actionGoalConstPtr&)[m[K’:
[01m[K/home/cexxo39/excercise1_ws/src/my_package/src/robotControl.cpp:55:12:[m[K [01;31m[Kerror: [m[K‘[01m[Kmy_package::my_actionResult[m[K’ {aka ‘[01m[Kstruct my_package::my_actionResult_<std::allocator<void> >[m[K’} has no member named ‘[01m[KgoalReached[m[K’; did you mean ‘[01m[Kgoal_reached[m[K’?
   55 |    result_.[01;31m[KgoalReached[m[K = true;
      |            [01;31m[K^~~~~~~~~~~[m[K
      |            [32m[Kgoal_reached[m[K
make[2]: *** [CMakeFiles/robotControl.dir/build.make:63: CMakeFiles/robotControl.dir/src/robotControl.cpp.o] Error 1
make[1]: *** [CMakeFiles/Makefile2:1891: CMakeFiles/robotControl.dir/all] Error 2
make: *** [Makefile:141: all] Error 2
