[  0%] Built target std_msgs_generate_messages_cpp
[  0%] Built target std_msgs_generate_messages_py
[  0%] Built target std_msgs_generate_messages_eus
[  0%] Built target std_msgs_generate_messages_lisp
[  0%] Built target std_msgs_generate_messages_nodejs
[  0%] Built target _my_package_generate_messages_check_deps_srv2
[  0%] Built target _my_package_generate_messages_check_deps_RVL
[  0%] Built target _my_package_generate_messages_check_deps_srv1
[ 27%] Built target my_package_generate_messages_lisp
[ 27%] Built target my_package_generate_messages_cpp
[ 45%] Built target my_package_generate_messages_eus
[ 72%] Built target my_package_generate_messages_nodejs
[ 81%] Built target my_package_generate_messages_py
[35m[1mScanning dependencies of target robotControl[0m
[35m[1mScanning dependencies of target listener[0m
[ 81%] Built target my_package_generate_messages
[ 90%] [32mBuilding CXX object CMakeFiles/robotControl.dir/src/robotControl.cpp.o[0m
[ 90%] [32mBuilding CXX object CMakeFiles/listener.dir/src/listener.cpp.o[0m
[ 95%] [32m[1mLinking CXX executable /home/cexxo39/excercise1_ws/devel/.private/my_package/lib/my_package/robotControl[0m
[100%] [32m[1mLinking CXX executable /home/cexxo39/excercise1_ws/devel/.private/my_package/lib/my_package/listener[0m
[100%] Built target robotControl
[100%] Built target listener
