[  0%] Built target std_msgs_generate_messages_lisp
[  0%] Built target std_msgs_generate_messages_nodejs
[  0%] Built target std_msgs_generate_messages_py
[  0%] Built target std_msgs_generate_messages_cpp
[  0%] Built target std_msgs_generate_messages_eus
[  0%] Built target _my_package_generate_messages_check_deps_srv1
[  0%] Built target _my_package_generate_messages_check_deps_RVL
[  0%] Built target _my_package_generate_messages_check_deps_srv2
[ 18%] Built target my_package_generate_messages_eus
[ 31%] Built target my_package_generate_messages_lisp
[ 68%] Built target my_package_generate_messages_py
[ 68%] Built target my_package_generate_messages_nodejs
[ 81%] Built target my_package_generate_messages_cpp
[35m[1mScanning dependencies of target listener[0m
[ 81%] Built target my_package_generate_messages
[ 90%] Built target robotControl
[ 95%] [32mBuilding CXX object CMakeFiles/listener.dir/src/listener.cpp.o[0m
[01m[K/home/cexxo39/excercise1_ws/src/my_package/src/listener.cpp:[m[K In function ‘[01m[Kint main(int, char**)[m[K’:
[01m[K/home/cexxo39/excercise1_ws/src/my_package/src/listener.cpp:28:28:[m[K [01;31m[Kerror: [m[Krequest for member ‘[01m[Kc_str[m[K’ in ‘[01m[Ki[m[K’, which is of non-class type ‘[01m[Kint[m[K’
   28 |   n.getParam("/listener"+i.[01;31m[Kc_str[m[K()+"/stationName", name[i]);
      |                            [01;31m[K^~~~~[m[K
[01m[K/home/cexxo39/excercise1_ws/src/my_package/src/listener.cpp:29:19:[m[K [01;31m[Kerror: [m[Kinvalid conversion from ‘[01m[Kint*[m[K’ to ‘[01m[Kmy_package::srv1Request_<std::allocator<void> >::_ID_type[m[K’ {aka ‘[01m[Kint[m[K’} [[01;31m[K-fpermissive[m[K]
   29 |  srv.request.ID = [01;31m[Kname[m[K;
      |                   [01;31m[K^~~~[m[K
      |                   [01;31m[K|[m[K
      |                   [01;31m[Kint*[m[K
make[2]: *** [CMakeFiles/listener.dir/build.make:63: CMakeFiles/listener.dir/src/listener.cpp.o] Error 1
make[1]: *** [CMakeFiles/Makefile2:172: CMakeFiles/listener.dir/all] Error 2
make: *** [Makefile:141: all] Error 2
