Linked: (/home/cexxo39/excercise1_ws/devel/.private/my_package/lib/my_package/listener, /home/cexxo39/excercise1_ws/devel/lib/my_package/listener)
Linked: (/home/cexxo39/excercise1_ws/devel/.private/my_package/lib/my_package/robotControl, /home/cexxo39/excercise1_ws/devel/lib/my_package/robotControl)
Linked: (/home/cexxo39/excercise1_ws/devel/.private/my_package/lib/pkgconfig/my_package.pc, /home/cexxo39/excercise1_ws/devel/lib/pkgconfig/my_package.pc)
Linked: (/home/cexxo39/excercise1_ws/devel/.private/my_package/lib/python3/dist-packages/my_package/__init__.py, /home/cexxo39/excercise1_ws/devel/lib/python3/dist-packages/my_package/__init__.py)
Linked: (/home/cexxo39/excercise1_ws/devel/.private/my_package/lib/python3/dist-packages/my_package/srv/_srv2.py, /home/cexxo39/excercise1_ws/devel/lib/python3/dist-packages/my_package/srv/_srv2.py)
Linked: (/home/cexxo39/excercise1_ws/devel/.private/my_package/lib/python3/dist-packages/my_package/srv/_srv1.py, /home/cexxo39/excercise1_ws/devel/lib/python3/dist-packages/my_package/srv/_srv1.py)
Linked: (/home/cexxo39/excercise1_ws/devel/.private/my_package/lib/python3/dist-packages/my_package/srv/__init__.py, /home/cexxo39/excercise1_ws/devel/lib/python3/dist-packages/my_package/srv/__init__.py)
Symlinking /home/cexxo39/excercise1_ws/devel/lib/python3/dist-packages/my_package/msg/_myActionFeedback.py
Linked: (/home/cexxo39/excercise1_ws/devel/.private/my_package/lib/python3/dist-packages/my_package/msg/_RVL.py, /home/cexxo39/excercise1_ws/devel/lib/python3/dist-packages/my_package/msg/_RVL.py)
Symlinking /home/cexxo39/excercise1_ws/devel/lib/python3/dist-packages/my_package/msg/_myActionActionResult.py
Symlinking /home/cexxo39/excercise1_ws/devel/lib/python3/dist-packages/my_package/msg/_myActionActionFeedback.py
Symlinking /home/cexxo39/excercise1_ws/devel/lib/python3/dist-packages/my_package/msg/_myActionAction.py
Symlinking /home/cexxo39/excercise1_ws/devel/lib/python3/dist-packages/my_package/msg/_myActionGoal.py
Symlinking /home/cexxo39/excercise1_ws/devel/lib/python3/dist-packages/my_package/msg/_myActionActionGoal.py
Symlinking /home/cexxo39/excercise1_ws/devel/lib/python3/dist-packages/my_package/msg/_myActionResult.py
Linked: (/home/cexxo39/excercise1_ws/devel/.private/my_package/lib/python3/dist-packages/my_package/msg/__init__.py, /home/cexxo39/excercise1_ws/devel/lib/python3/dist-packages/my_package/msg/__init__.py)
Linked: (/home/cexxo39/excercise1_ws/devel/.private/my_package/share/my_package/cmake/my_packageConfig.cmake, /home/cexxo39/excercise1_ws/devel/share/my_package/cmake/my_packageConfig.cmake)
Linked: (/home/cexxo39/excercise1_ws/devel/.private/my_package/share/my_package/cmake/my_package-msg-extras.cmake, /home/cexxo39/excercise1_ws/devel/share/my_package/cmake/my_package-msg-extras.cmake)
Linked: (/home/cexxo39/excercise1_ws/devel/.private/my_package/share/my_package/cmake/my_package-msg-paths.cmake, /home/cexxo39/excercise1_ws/devel/share/my_package/cmake/my_package-msg-paths.cmake)
Linked: (/home/cexxo39/excercise1_ws/devel/.private/my_package/share/my_package/cmake/my_packageConfig-version.cmake, /home/cexxo39/excercise1_ws/devel/share/my_package/cmake/my_packageConfig-version.cmake)
Symlinking /home/cexxo39/excercise1_ws/devel/share/my_package/msg/myActionActionGoal.msg
Symlinking /home/cexxo39/excercise1_ws/devel/share/my_package/msg/myActionFeedback.msg
Symlinking /home/cexxo39/excercise1_ws/devel/share/my_package/msg/myActionAction.msg
Symlinking /home/cexxo39/excercise1_ws/devel/share/my_package/msg/myActionActionResult.msg
Symlinking /home/cexxo39/excercise1_ws/devel/share/my_package/msg/myActionActionFeedback.msg
Symlinking /home/cexxo39/excercise1_ws/devel/share/my_package/msg/myActionGoal.msg
Symlinking /home/cexxo39/excercise1_ws/devel/share/my_package/msg/myActionResult.msg
Linked: (/home/cexxo39/excercise1_ws/devel/.private/my_package/share/gennodejs/ros/my_package/_index.js, /home/cexxo39/excercise1_ws/devel/share/gennodejs/ros/my_package/_index.js)
Linked: (/home/cexxo39/excercise1_ws/devel/.private/my_package/share/gennodejs/ros/my_package/srv/srv1.js, /home/cexxo39/excercise1_ws/devel/share/gennodejs/ros/my_package/srv/srv1.js)
Linked: (/home/cexxo39/excercise1_ws/devel/.private/my_package/share/gennodejs/ros/my_package/srv/srv2.js, /home/cexxo39/excercise1_ws/devel/share/gennodejs/ros/my_package/srv/srv2.js)
Linked: (/home/cexxo39/excercise1_ws/devel/.private/my_package/share/gennodejs/ros/my_package/srv/_index.js, /home/cexxo39/excercise1_ws/devel/share/gennodejs/ros/my_package/srv/_index.js)
Symlinking /home/cexxo39/excercise1_ws/devel/share/gennodejs/ros/my_package/msg/myActionAction.js
Symlinking /home/cexxo39/excercise1_ws/devel/share/gennodejs/ros/my_package/msg/myActionResult.js
Linked: (/home/cexxo39/excercise1_ws/devel/.private/my_package/share/gennodejs/ros/my_package/msg/RVL.js, /home/cexxo39/excercise1_ws/devel/share/gennodejs/ros/my_package/msg/RVL.js)
Symlinking /home/cexxo39/excercise1_ws/devel/share/gennodejs/ros/my_package/msg/myActionGoal.js
Symlinking /home/cexxo39/excercise1_ws/devel/share/gennodejs/ros/my_package/msg/myActionFeedback.js
Symlinking /home/cexxo39/excercise1_ws/devel/share/gennodejs/ros/my_package/msg/myActionActionFeedback.js
Symlinking /home/cexxo39/excercise1_ws/devel/share/gennodejs/ros/my_package/msg/myActionActionResult.js
Symlinking /home/cexxo39/excercise1_ws/devel/share/gennodejs/ros/my_package/msg/myActionActionGoal.js
Linked: (/home/cexxo39/excercise1_ws/devel/.private/my_package/share/gennodejs/ros/my_package/msg/_index.js, /home/cexxo39/excercise1_ws/devel/share/gennodejs/ros/my_package/msg/_index.js)
Linked: (/home/cexxo39/excercise1_ws/devel/.private/my_package/share/common-lisp/ros/my_package/srv/srv1.lisp, /home/cexxo39/excercise1_ws/devel/share/common-lisp/ros/my_package/srv/srv1.lisp)
Linked: (/home/cexxo39/excercise1_ws/devel/.private/my_package/share/common-lisp/ros/my_package/srv/_package_srv2.lisp, /home/cexxo39/excercise1_ws/devel/share/common-lisp/ros/my_package/srv/_package_srv2.lisp)
Linked: (/home/cexxo39/excercise1_ws/devel/.private/my_package/share/common-lisp/ros/my_package/srv/_package.lisp, /home/cexxo39/excercise1_ws/devel/share/common-lisp/ros/my_package/srv/_package.lisp)
Linked: (/home/cexxo39/excercise1_ws/devel/.private/my_package/share/common-lisp/ros/my_package/srv/srv2.lisp, /home/cexxo39/excercise1_ws/devel/share/common-lisp/ros/my_package/srv/srv2.lisp)
Linked: (/home/cexxo39/excercise1_ws/devel/.private/my_package/share/common-lisp/ros/my_package/srv/_package_srv1.lisp, /home/cexxo39/excercise1_ws/devel/share/common-lisp/ros/my_package/srv/_package_srv1.lisp)
Linked: (/home/cexxo39/excercise1_ws/devel/.private/my_package/share/common-lisp/ros/my_package/srv/my_package-srv.asd, /home/cexxo39/excercise1_ws/devel/share/common-lisp/ros/my_package/srv/my_package-srv.asd)
Symlinking /home/cexxo39/excercise1_ws/devel/share/common-lisp/ros/my_package/msg/myActionActionGoal.lisp
Symlinking /home/cexxo39/excercise1_ws/devel/share/common-lisp/ros/my_package/msg/_package_myActionActionFeedback.lisp
Symlinking /home/cexxo39/excercise1_ws/devel/share/common-lisp/ros/my_package/msg/_package_myActionGoal.lisp
Symlinking /home/cexxo39/excercise1_ws/devel/share/common-lisp/ros/my_package/msg/myActionAction.lisp
Symlinking /home/cexxo39/excercise1_ws/devel/share/common-lisp/ros/my_package/msg/_package_myActionResult.lisp
Symlinking /home/cexxo39/excercise1_ws/devel/share/common-lisp/ros/my_package/msg/myActionActionResult.lisp
Symlinking /home/cexxo39/excercise1_ws/devel/share/common-lisp/ros/my_package/msg/myActionActionFeedback.lisp
Symlinking /home/cexxo39/excercise1_ws/devel/share/common-lisp/ros/my_package/msg/myActionGoal.lisp
Linked: (/home/cexxo39/excercise1_ws/devel/.private/my_package/share/common-lisp/ros/my_package/msg/_package_RVL.lisp, /home/cexxo39/excercise1_ws/devel/share/common-lisp/ros/my_package/msg/_package_RVL.lisp)
Linked: (/home/cexxo39/excercise1_ws/devel/.private/my_package/share/common-lisp/ros/my_package/msg/my_package-msg.asd, /home/cexxo39/excercise1_ws/devel/share/common-lisp/ros/my_package/msg/my_package-msg.asd)
Symlinking /home/cexxo39/excercise1_ws/devel/share/common-lisp/ros/my_package/msg/_package_myActionActionResult.lisp
Linked: (/home/cexxo39/excercise1_ws/devel/.private/my_package/share/common-lisp/ros/my_package/msg/_package.lisp, /home/cexxo39/excercise1_ws/devel/share/common-lisp/ros/my_package/msg/_package.lisp)
Symlinking /home/cexxo39/excercise1_ws/devel/share/common-lisp/ros/my_package/msg/myActionResult.lisp
Linked: (/home/cexxo39/excercise1_ws/devel/.private/my_package/share/common-lisp/ros/my_package/msg/RVL.lisp, /home/cexxo39/excercise1_ws/devel/share/common-lisp/ros/my_package/msg/RVL.lisp)
Symlinking /home/cexxo39/excercise1_ws/devel/share/common-lisp/ros/my_package/msg/myActionFeedback.lisp
Symlinking /home/cexxo39/excercise1_ws/devel/share/common-lisp/ros/my_package/msg/_package_myActionActionGoal.lisp
Symlinking /home/cexxo39/excercise1_ws/devel/share/common-lisp/ros/my_package/msg/_package_myActionFeedback.lisp
Symlinking /home/cexxo39/excercise1_ws/devel/share/common-lisp/ros/my_package/msg/_package_myActionAction.lisp
Linked: (/home/cexxo39/excercise1_ws/devel/.private/my_package/share/roseus/ros/my_package/manifest.l, /home/cexxo39/excercise1_ws/devel/share/roseus/ros/my_package/manifest.l)
Linked: (/home/cexxo39/excercise1_ws/devel/.private/my_package/share/roseus/ros/my_package/srv/srv2.l, /home/cexxo39/excercise1_ws/devel/share/roseus/ros/my_package/srv/srv2.l)
Linked: (/home/cexxo39/excercise1_ws/devel/.private/my_package/share/roseus/ros/my_package/srv/srv1.l, /home/cexxo39/excercise1_ws/devel/share/roseus/ros/my_package/srv/srv1.l)
Symlinking /home/cexxo39/excercise1_ws/devel/share/roseus/ros/my_package/msg/myActionAction.l
Symlinking /home/cexxo39/excercise1_ws/devel/share/roseus/ros/my_package/msg/myActionActionResult.l
Symlinking /home/cexxo39/excercise1_ws/devel/share/roseus/ros/my_package/msg/myActionActionGoal.l
Linked: (/home/cexxo39/excercise1_ws/devel/.private/my_package/share/roseus/ros/my_package/msg/RVL.l, /home/cexxo39/excercise1_ws/devel/share/roseus/ros/my_package/msg/RVL.l)
Symlinking /home/cexxo39/excercise1_ws/devel/share/roseus/ros/my_package/msg/myActionResult.l
Symlinking /home/cexxo39/excercise1_ws/devel/share/roseus/ros/my_package/msg/myActionFeedback.l
Symlinking /home/cexxo39/excercise1_ws/devel/share/roseus/ros/my_package/msg/myActionGoal.l
Symlinking /home/cexxo39/excercise1_ws/devel/share/roseus/ros/my_package/msg/myActionActionFeedback.l
Linked: (/home/cexxo39/excercise1_ws/devel/.private/my_package/include/my_package/srv1Request.h, /home/cexxo39/excercise1_ws/devel/include/my_package/srv1Request.h)
Linked: (/home/cexxo39/excercise1_ws/devel/.private/my_package/include/my_package/srv1.h, /home/cexxo39/excercise1_ws/devel/include/my_package/srv1.h)
Symlinking /home/cexxo39/excercise1_ws/devel/include/my_package/myActionAction.h
Symlinking /home/cexxo39/excercise1_ws/devel/include/my_package/myActionActionResult.h
Symlinking /home/cexxo39/excercise1_ws/devel/include/my_package/myActionFeedback.h
Linked: (/home/cexxo39/excercise1_ws/devel/.private/my_package/include/my_package/srv2Request.h, /home/cexxo39/excercise1_ws/devel/include/my_package/srv2Request.h)
Linked: (/home/cexxo39/excercise1_ws/devel/.private/my_package/include/my_package/RVL.h, /home/cexxo39/excercise1_ws/devel/include/my_package/RVL.h)
Symlinking /home/cexxo39/excercise1_ws/devel/include/my_package/myActionActionFeedback.h
Linked: (/home/cexxo39/excercise1_ws/devel/.private/my_package/include/my_package/srv1Response.h, /home/cexxo39/excercise1_ws/devel/include/my_package/srv1Response.h)
Symlinking /home/cexxo39/excercise1_ws/devel/include/my_package/myActionResult.h
Linked: (/home/cexxo39/excercise1_ws/devel/.private/my_package/include/my_package/srv2Response.h, /home/cexxo39/excercise1_ws/devel/include/my_package/srv2Response.h)
Symlinking /home/cexxo39/excercise1_ws/devel/include/my_package/myActionGoal.h
Linked: (/home/cexxo39/excercise1_ws/devel/.private/my_package/include/my_package/srv2.h, /home/cexxo39/excercise1_ws/devel/include/my_package/srv2.h)
Symlinking /home/cexxo39/excercise1_ws/devel/include/my_package/myActionActionGoal.h
