[  0%] Built target std_msgs_generate_messages_cpp
[  0%] Built target actionlib_msgs_generate_messages_cpp
[  0%] Built target _my_package_generate_messages_check_deps_my_actionFeedback
[  0%] Built target _my_package_generate_messages_check_deps_myActionActionResult
[  0%] Built target _my_package_generate_messages_check_deps_srv1
[  0%] Built target _my_package_generate_messages_check_deps_srv2
[  0%] Built target _my_package_generate_messages_check_deps_myActionAction
[  0%] Built target _my_package_generate_messages_check_deps_my_actionGoal
[  0%] Built target _my_package_generate_messages_check_deps_myActionActionFeedback
[  0%] Built target _my_package_generate_messages_check_deps_myActionActionGoal
[  0%] Built target _my_package_generate_messages_check_deps_myActionFeedback
[  0%] Built target _my_package_generate_messages_check_deps_RVL
[  0%] Built target _my_package_generate_messages_check_deps_myActionGoal
[  0%] Built target _my_package_generate_messages_check_deps_my_actionActionResult
[  0%] Built target _my_package_generate_messages_check_deps_myActionResult
[  0%] Built target _my_package_generate_messages_check_deps_my_actionAction
[  0%] Built target std_msgs_generate_messages_nodejs
[  0%] Built target actionlib_msgs_generate_messages_py
[  0%] Built target actionlib_msgs_generate_messages_nodejs
[  0%] Built target _my_package_generate_messages_check_deps_my_actionActionFeedback
[  0%] Built target _my_package_generate_messages_check_deps_my_actionActionGoal
[  0%] Built target std_msgs_generate_messages_py
[  0%] Built target std_msgs_generate_messages_lisp
[  0%] Built target actionlib_msgs_generate_messages_lisp
[  0%] Built target actionlib_msgs_generate_messages_eus
[  0%] Built target std_msgs_generate_messages_eus
[  0%] Built target _my_package_generate_messages_check_deps_my_actionResult
[ 20%] Built target my_package_generate_messages_py
[ 57%] Built target my_package_generate_messages_nodejs
[ 57%] Built target my_package_generate_messages_cpp
[ 94%] Built target my_package_generate_messages_lisp
[ 95%] Built target my_package_generate_messages_eus
[35m[1mScanning dependencies of target listener[0m
[ 95%] Built target my_package_generate_messages
[ 97%] Built target robotControl
[ 98%] [32mBuilding CXX object CMakeFiles/listener.dir/src/listener.cpp.o[0m
In file included from [01m[K/opt/ros/noetic/include/ros/ros.h:40[m[K,
                 from [01m[K/home/cexxo39/excercise1_ws/src/my_package/src/listener.cpp:1[m[K:
[01m[K/home/cexxo39/excercise1_ws/src/my_package/src/listener.cpp:[m[K In function ‘[01m[Kint main(int, char**)[m[K’:
[01m[K/home/cexxo39/excercise1_ws/src/my_package/src/listener.cpp:52:19:[m[K [01;31m[Kerror: [m[K‘[01m[Ktypedef my_package::my_actionActionFeedback_<std::allocator<void> >::_feedback_type actionlib::SimpleActionClient<my_package::my_actionAction_<std::allocator<void> > >::Feedback[m[K’ is private within this context
   52 |  ROS_INFO("%d",ac.[01;31m[KFeedback[m[K);
      |                   [01;31m[K^~~~~~~~[m[K
[01m[K/opt/ros/noetic/include/ros/console.h:351:165:[m[K [01;36m[Knote: [m[Kin definition of macro ‘[01m[KROSCONSOLE_PRINT_AT_LOCATION_WITH_FILTER[m[K’
  351 |     ::ros::console::print(filter, __rosconsole_define_location__loc.logger_, __rosconsole_define_location__loc.level_, __FILE__, __LINE__, __ROSCONSOLE_FUNCTION__, [01;36m[K__VA_ARGS__[m[K)
      |                                                                                                                                                                     [01;36m[K^~~~~~~~~~~[m[K
[01m[K/opt/ros/noetic/include/ros/console.h:390:7:[m[K [01;36m[Knote: [m[Kin expansion of macro ‘[01m[KROSCONSOLE_PRINT_AT_LOCATION[m[K’
  390 |       [01;36m[KROSCONSOLE_PRINT_AT_LOCATION[m[K(__VA_ARGS__); \
      |       [01;36m[K^~~~~~~~~~~~~~~~~~~~~~~~~~~~[m[K
[01m[K/opt/ros/noetic/include/ros/console.h:575:35:[m[K [01;36m[Knote: [m[Kin expansion of macro ‘[01m[KROS_LOG_COND[m[K’
  575 | #define ROS_LOG(level, name, ...) [01;36m[KROS_LOG_COND[m[K(true, level, name, __VA_ARGS__)
      |                                   [01;36m[K^~~~~~~~~~~~[m[K
[01m[K/opt/ros/noetic/include/rosconsole/macros_generated.h:110:23:[m[K [01;36m[Knote: [m[Kin expansion of macro ‘[01m[KROS_LOG[m[K’
  110 | #define ROS_INFO(...) [01;36m[KROS_LOG[m[K(::ros::console::levels::Info, ROSCONSOLE_DEFAULT_NAME, __VA_ARGS__)
      |                       [01;36m[K^~~~~~~[m[K
[01m[K/home/cexxo39/excercise1_ws/src/my_package/src/listener.cpp:52:2:[m[K [01;36m[Knote: [m[Kin expansion of macro ‘[01m[KROS_INFO[m[K’
   52 |  [01;36m[KROS_INFO[m[K("%d",ac.Feedback);
      |  [01;36m[K^~~~~~~~[m[K
In file included from [01m[K/opt/ros/noetic/include/actionlib/client/client_helpers.h:45[m[K,
                 from [01m[K/opt/ros/noetic/include/actionlib/client/action_client.h:38[m[K,
                 from [01m[K/opt/ros/noetic/include/actionlib/client/simple_action_client.h:47[m[K,
                 from [01m[K/home/cexxo39/excercise1_ws/src/my_package/src/listener.cpp:4[m[K:
[01m[K/opt/ros/noetic/include/actionlib/action_definition.h:48:51:[m[K [01;36m[Knote: [m[Kdeclared private here
   48 |   typedef typename ActionFeedback::_feedback_type [01;36m[KFeedback[m[K; \
      |                                                   [01;36m[K^~~~~~~~[m[K
[01m[K/opt/ros/noetic/include/actionlib/action_definition.h:48:51:[m[K [01;36m[Knote: [m[Kin definition of macro ‘[01m[KACTION_DEFINITION[m[K’
   48 |   typedef typename ActionFeedback::_feedback_type [01;36m[KFeedback[m[K; \
      |                                                   [01;36m[K^~~~~~~~[m[K
In file included from [01m[K/opt/ros/noetic/include/ros/ros.h:40[m[K,
                 from [01m[K/home/cexxo39/excercise1_ws/src/my_package/src/listener.cpp:1[m[K:
[01m[K/home/cexxo39/excercise1_ws/src/my_package/src/listener.cpp:52:19:[m[K [01;31m[Kerror: [m[Kinvalid use of ‘[01m[Kactionlib::SimpleActionClient<my_package::my_actionAction_<std::allocator<void> > >::Feedback[m[K’
   52 |  ROS_INFO("%d",ac.[01;31m[KFeedback[m[K);
      |                   [01;31m[K^~~~~~~~[m[K
[01m[K/opt/ros/noetic/include/ros/console.h:351:165:[m[K [01;36m[Knote: [m[Kin definition of macro ‘[01m[KROSCONSOLE_PRINT_AT_LOCATION_WITH_FILTER[m[K’
  351 |     ::ros::console::print(filter, __rosconsole_define_location__loc.logger_, __rosconsole_define_location__loc.level_, __FILE__, __LINE__, __ROSCONSOLE_FUNCTION__, [01;36m[K__VA_ARGS__[m[K)
      |                                                                                                                                                                     [01;36m[K^~~~~~~~~~~[m[K
[01m[K/opt/ros/noetic/include/ros/console.h:390:7:[m[K [01;36m[Knote: [m[Kin expansion of macro ‘[01m[KROSCONSOLE_PRINT_AT_LOCATION[m[K’
  390 |       [01;36m[KROSCONSOLE_PRINT_AT_LOCATION[m[K(__VA_ARGS__); \
      |       [01;36m[K^~~~~~~~~~~~~~~~~~~~~~~~~~~~[m[K
[01m[K/opt/ros/noetic/include/ros/console.h:575:35:[m[K [01;36m[Knote: [m[Kin expansion of macro ‘[01m[KROS_LOG_COND[m[K’
  575 | #define ROS_LOG(level, name, ...) [01;36m[KROS_LOG_COND[m[K(true, level, name, __VA_ARGS__)
      |                                   [01;36m[K^~~~~~~~~~~~[m[K
[01m[K/opt/ros/noetic/include/rosconsole/macros_generated.h:110:23:[m[K [01;36m[Knote: [m[Kin expansion of macro ‘[01m[KROS_LOG[m[K’
  110 | #define ROS_INFO(...) [01;36m[KROS_LOG[m[K(::ros::console::levels::Info, ROSCONSOLE_DEFAULT_NAME, __VA_ARGS__)
      |                       [01;36m[K^~~~~~~[m[K
[01m[K/home/cexxo39/excercise1_ws/src/my_package/src/listener.cpp:52:2:[m[K [01;36m[Knote: [m[Kin expansion of macro ‘[01m[KROS_INFO[m[K’
   52 |  [01;36m[KROS_INFO[m[K("%d",ac.Feedback);
      |  [01;36m[K^~~~~~~~[m[K
make[2]: *** [CMakeFiles/listener.dir/build.make:63: CMakeFiles/listener.dir/src/listener.cpp.o] Error 1
make[1]: *** [CMakeFiles/Makefile2:200: CMakeFiles/listener.dir/all] Error 2
make: *** [Makefile:141: all] Error 2
