[  0%] Built target std_msgs_generate_messages_cpp
[  0%] Built target actionlib_msgs_generate_messages_cpp
[  0%] Built target _my_package_generate_messages_check_deps_srv2
[  0%] Built target _my_package_generate_messages_check_deps_myActionActionResult
[  0%] Built target _my_package_generate_messages_check_deps_myActionAction
[  0%] Built target _my_package_generate_messages_check_deps_my_actionFeedback
[  0%] Built target _my_package_generate_messages_check_deps_my_actionGoal
[  0%] Built target _my_package_generate_messages_check_deps_myActionActionGoal
[  0%] Built target _my_package_generate_messages_check_deps_srv1
[  0%] Built target _my_package_generate_messages_check_deps_myActionActionFeedback
[  0%] Built target _my_package_generate_messages_check_deps_myActionFeedback
[  0%] Built target _my_package_generate_messages_check_deps_RVL
[  0%] Built target _my_package_generate_messages_check_deps_myActionGoal
[  0%] Built target _my_package_generate_messages_check_deps_my_actionActionResult
[  0%] Built target _my_package_generate_messages_check_deps_my_actionAction
[  0%] Built target _my_package_generate_messages_check_deps_my_actionActionGoal
[  0%] Built target _my_package_generate_messages_check_deps_myActionResult
[  0%] Built target actionlib_msgs_generate_messages_nodejs
[  0%] Built target std_msgs_generate_messages_nodejs
[  0%] Built target actionlib_msgs_generate_messages_py
[  0%] Built target std_msgs_generate_messages_py
[  0%] Built target actionlib_msgs_generate_messages_lisp
[  0%] Built target std_msgs_generate_messages_lisp
[  0%] Built target std_msgs_generate_messages_eus
[  0%] Built target actionlib_msgs_generate_messages_eus
[  0%] Built target _my_package_generate_messages_check_deps_my_actionActionFeedback
[  0%] Built target _my_package_generate_messages_check_deps_my_actionResult
[ 63%] Built target my_package_generate_messages_cpp
[ 63%] Built target my_package_generate_messages_eus
[ 68%] Built target my_package_generate_messages_lisp
[ 83%] Built target my_package_generate_messages_py
[ 95%] Built target my_package_generate_messages_nodejs
[35m[1mScanning dependencies of target listener[0m
[ 95%] Built target my_package_generate_messages
[ 97%] Built target robotControl
[ 98%] [32mBuilding CXX object CMakeFiles/listener.dir/src/listener.cpp.o[0m
[100%] [32m[1mLinking CXX executable /home/cexxo39/excercise1_ws/devel/.private/my_package/lib/my_package/listener[0m
[100%] Built target listener
