In file included from [01m[K/opt/ros/noetic/include/ros/ros.h:40[m[K,
                 from [01m[K/home/cexxo39/excercise1_ws/src/my_package/src/robotControl.cpp:1[m[K:
[01m[K/home/cexxo39/excercise1_ws/src/my_package/src/robotControl.cpp:[m[K In function ‘[01m[Kbool info(my_package::srv1::Request&, my_package::srv1::Response&)[m[K’:
[01m[K/home/cexxo39/excercise1_ws/src/my_package/src/robotControl.cpp:26:12:[m[K [01;35m[Kwarning: [m[Kformat ‘[01m[K%d[m[K’ expects argument of type ‘[01m[Kint[m[K’, but argument 9 has type ‘[01m[Kstd_msgs::Header_<std::allocator<void> >::_stamp_type[m[K’ {aka ‘[01m[Kros::Time[m[K’} [[01;35m[K-Wformat=[m[K]
   26 |   ROS_INFO([01;35m[K"Request header %d, %d, %s"[m[K, req.msg.seq, [32m[Kreq.msg.stamp[m[K, req.msg.frame_id.c_str());
      |            [01;35m[K^~~~~~~~~~~~~~~~~~~~~~~~~~~[m[K               [32m[K~~~~~~~~~~~~~[m[K
      |                                                              [32m[K|[m[K
      |                                                              [32m[Kstd_msgs::Header_<std::allocator<void> >::_stamp_type {aka ros::Time}[m[K
[01m[K/opt/ros/noetic/include/ros/console.h:351:165:[m[K [01;36m[Knote: [m[Kin definition of macro ‘[01m[KROSCONSOLE_PRINT_AT_LOCATION_WITH_FILTER[m[K’
  351 |     ::ros::console::print(filter, __rosconsole_define_location__loc.logger_, __rosconsole_define_location__loc.level_, __FILE__, __LINE__, __ROSCONSOLE_FUNCTION__, [01;36m[K__VA_ARGS__[m[K)
      |                                                                                                                                                                     [01;36m[K^~~~~~~~~~~[m[K
[01m[K/opt/ros/noetic/include/ros/console.h:390:7:[m[K [01;36m[Knote: [m[Kin expansion of macro ‘[01m[KROSCONSOLE_PRINT_AT_LOCATION[m[K’
  390 |       [01;36m[KROSCONSOLE_PRINT_AT_LOCATION[m[K(__VA_ARGS__); \
      |       [01;36m[K^~~~~~~~~~~~~~~~~~~~~~~~~~~~[m[K
[01m[K/opt/ros/noetic/include/ros/console.h:575:35:[m[K [01;36m[Knote: [m[Kin expansion of macro ‘[01m[KROS_LOG_COND[m[K’
  575 | #define ROS_LOG(level, name, ...) [01;36m[KROS_LOG_COND[m[K(true, level, name, __VA_ARGS__)
      |                                   [01;36m[K^~~~~~~~~~~~[m[K
[01m[K/opt/ros/noetic/include/rosconsole/macros_generated.h:110:23:[m[K [01;36m[Knote: [m[Kin expansion of macro ‘[01m[KROS_LOG[m[K’
  110 | #define ROS_INFO(...) [01;36m[KROS_LOG[m[K(::ros::console::levels::Info, ROSCONSOLE_DEFAULT_NAME, __VA_ARGS__)
      |                       [01;36m[K^~~~~~~[m[K
[01m[K/home/cexxo39/excercise1_ws/src/my_package/src/robotControl.cpp:26:3:[m[K [01;36m[Knote: [m[Kin expansion of macro ‘[01m[KROS_INFO[m[K’
   26 |   [01;36m[KROS_INFO[m[K("Request header %d, %d, %s", req.msg.seq, req.msg.stamp, req.msg.frame_id.c_str());
      |   [01;36m[K^~~~~~~~[m[K
[01m[K/home/cexxo39/excercise1_ws/src/my_package/src/robotControl.cpp:26:33:[m[K [01;36m[Knote: [m[Kformat string is defined here
   26 |   ROS_INFO("Request header %d, [01;36m[K%d[m[K, %s", req.msg.seq, req.msg.stamp, req.msg.frame_id.c_str());
      |                                [01;36m[K~^[m[K
      |                                 [01;36m[K|[m[K
      |                                 [01;36m[Kint[m[K
In file included from [01m[K/opt/ros/noetic/include/ros/serialization.h:37[m[K,
                 from [01m[K/opt/ros/noetic/include/ros/publisher.h:34[m[K,
                 from [01m[K/opt/ros/noetic/include/ros/node_handle.h:32[m[K,
                 from [01m[K/opt/ros/noetic/include/ros/ros.h:45[m[K,
                 from [01m[K/home/cexxo39/excercise1_ws/src/my_package/src/robotControl.cpp:1[m[K:
/opt/ros/noetic/include/ros/message_traits.h: In instantiation of ‘[01m[Kstatic const char* ros::message_traits::MD5Sum<M>::value() [with M = my_package::srv1][m[K’:
[01m[K/opt/ros/noetic/include/ros/message_traits.h:227:102:[m[K   required from ‘[01m[Kconst char* ros::message_traits::md5sum() [with M = my_package::srv1][m[K’
[01m[K/opt/ros/noetic/include/ros/advertise_options.h:92:39:[m[K   required from ‘[01m[Kvoid ros::AdvertiseOptions::init(const string&, uint32_t, const SubscriberStatusCallback&, const SubscriberStatusCallback&) [with M = my_package::srv1; std::string = std::__cxx11::basic_string<char>; uint32_t = unsigned int; ros::SubscriberStatusCallback = boost::function<void(const ros::SingleSubscriberPublisher&)>][m[K’
[01m[K/opt/ros/noetic/include/ros/node_handle.h:252:7:[m[K   required from ‘[01m[Kros::Publisher ros::NodeHandle::advertise(const string&, uint32_t, bool) [with M = my_package::srv1; std::string = std::__cxx11::basic_string<char>; uint32_t = unsigned int][m[K’
[01m[K/home/cexxo39/excercise1_ws/src/my_package/src/robotControl.cpp:19:67:[m[K   required from here
[01m[K/opt/ros/noetic/include/ros/message_traits.h:120:28:[m[K [01;31m[Kerror: [m[K‘[01m[K__s_getMD5Sum[m[K’ is not a member of ‘[01m[Kmy_package::srv1[m[K’
  120 |     return [01;31m[KM::__s_getMD5Sum()[m[K.c_str();
      |            [01;31m[K~~~~~~~~~~~~~~~~^~[m[K
/opt/ros/noetic/include/ros/message_traits.h: In instantiation of ‘[01m[Kstatic const char* ros::message_traits::DataType<M>::value() [with M = my_package::srv1][m[K’:
[01m[K/opt/ros/noetic/include/ros/message_traits.h:236:104:[m[K   required from ‘[01m[Kconst char* ros::message_traits::datatype() [with M = my_package::srv1][m[K’
[01m[K/opt/ros/noetic/include/ros/advertise_options.h:93:43:[m[K   required from ‘[01m[Kvoid ros::AdvertiseOptions::init(const string&, uint32_t, const SubscriberStatusCallback&, const SubscriberStatusCallback&) [with M = my_package::srv1; std::string = std::__cxx11::basic_string<char>; uint32_t = unsigned int; ros::SubscriberStatusCallback = boost::function<void(const ros::SingleSubscriberPublisher&)>][m[K’
[01m[K/opt/ros/noetic/include/ros/node_handle.h:252:7:[m[K   required from ‘[01m[Kros::Publisher ros::NodeHandle::advertise(const string&, uint32_t, bool) [with M = my_package::srv1; std::string = std::__cxx11::basic_string<char>; uint32_t = unsigned int][m[K’
[01m[K/home/cexxo39/excercise1_ws/src/my_package/src/robotControl.cpp:19:67:[m[K   required from here
[01m[K/opt/ros/noetic/include/ros/message_traits.h:137:30:[m[K [01;31m[Kerror: [m[K‘[01m[K__s_getDataType[m[K’ is not a member of ‘[01m[Kmy_package::srv1[m[K’
  137 |     return [01;31m[KM::__s_getDataType()[m[K.c_str();
      |            [01;31m[K~~~~~~~~~~~~~~~~~~^~[m[K
/opt/ros/noetic/include/ros/message_traits.h: In instantiation of ‘[01m[Kstatic const char* ros::message_traits::Definition<M>::value() [with M = my_package::srv1][m[K’:
[01m[K/opt/ros/noetic/include/ros/message_traits.h:245:106:[m[K   required from ‘[01m[Kconst char* ros::message_traits::definition() [with M = my_package::srv1][m[K’
[01m[K/opt/ros/noetic/include/ros/advertise_options.h:94:55:[m[K   required from ‘[01m[Kvoid ros::AdvertiseOptions::init(const string&, uint32_t, const SubscriberStatusCallback&, const SubscriberStatusCallback&) [with M = my_package::srv1; std::string = std::__cxx11::basic_string<char>; uint32_t = unsigned int; ros::SubscriberStatusCallback = boost::function<void(const ros::SingleSubscriberPublisher&)>][m[K’
[01m[K/opt/ros/noetic/include/ros/node_handle.h:252:7:[m[K   required from ‘[01m[Kros::Publisher ros::NodeHandle::advertise(const string&, uint32_t, bool) [with M = my_package::srv1; std::string = std::__cxx11::basic_string<char>; uint32_t = unsigned int][m[K’
[01m[K/home/cexxo39/excercise1_ws/src/my_package/src/robotControl.cpp:19:67:[m[K   required from here
[01m[K/opt/ros/noetic/include/ros/message_traits.h:154:39:[m[K [01;31m[Kerror: [m[K‘[01m[K__s_getMessageDefinition[m[K’ is not a member of ‘[01m[Kmy_package::srv1[m[K’
  154 |     return [01;31m[KM::__s_getMessageDefinition()[m[K.c_str();
      |            [01;31m[K~~~~~~~~~~~~~~~~~~~~~~~~~~~^~[m[K
make[2]: *** [CMakeFiles/robotControl.dir/build.make:63: CMakeFiles/robotControl.dir/src/robotControl.cpp.o] Error 1
make[1]: *** [CMakeFiles/Makefile2:199: CMakeFiles/robotControl.dir/all] Error 2
make: *** [Makefile:141: all] Error 2
