[  0%] Built target std_msgs_generate_messages_cpp
[  0%] Built target actionlib_msgs_generate_messages_cpp
[  0%] Built target _my_package_generate_messages_check_deps_myActionActionResult
[  0%] Built target _my_package_generate_messages_check_deps_srv1
[  0%] Built target _my_package_generate_messages_check_deps_srv2
[  0%] Built target _my_package_generate_messages_check_deps_myActionAction
[  0%] Built target _my_package_generate_messages_check_deps_my_actionFeedback
[  0%] Built target _my_package_generate_messages_check_deps_my_actionGoal
[  0%] Built target _my_package_generate_messages_check_deps_myActionActionGoal
[  0%] Built target _my_package_generate_messages_check_deps_myActionActionFeedback
[  0%] Built target _my_package_generate_messages_check_deps_RVL
[  0%] Built target _my_package_generate_messages_check_deps_myActionGoal
[  0%] Built target _my_package_generate_messages_check_deps_myActionFeedback
[  0%] Built target _my_package_generate_messages_check_deps_my_actionActionResult
[  0%] Built target _my_package_generate_messages_check_deps_myActionResult
[  0%] Built target _my_package_generate_messages_check_deps_my_actionAction
[  0%] Built target std_msgs_generate_messages_nodejs
[  0%] Built target actionlib_msgs_generate_messages_nodejs
[  0%] Built target actionlib_msgs_generate_messages_py
[  0%] Built target std_msgs_generate_messages_py
[  0%] Built target _my_package_generate_messages_check_deps_my_actionActionGoal
[  0%] Built target std_msgs_generate_messages_lisp
[  0%] Built target actionlib_msgs_generate_messages_lisp
[  0%] Built target actionlib_msgs_generate_messages_eus
[  0%] Built target std_msgs_generate_messages_eus
[  0%] Built target _my_package_generate_messages_check_deps_my_actionActionFeedback
[  0%] Built target _my_package_generate_messages_check_deps_my_actionResult
[  3%] [34m[1mGenerating EusLisp code from my_package/my_actionActionGoal.msg[0m
[  3%] [34m[1mGenerating Javascript code from my_package/my_actionActionGoal.msg[0m
[  3%] [34m[1mGenerating Javascript code from my_package/my_actionAction.msg[0m
[  5%] [34m[1mGenerating C++ code from my_package/my_actionAction.msg[0m
[  5%] [34m[1mGenerating C++ code from my_package/my_actionActionGoal.msg[0m
[  6%] [34m[1mGenerating EusLisp code from my_package/my_actionAction.msg[0m
[  7%] [34m[1mGenerating Python from MSG my_package/my_actionAction[0m
[  8%] [34m[1mGenerating Lisp code from my_package/my_actionAction.msg[0m
[  9%] [34m[1mGenerating Lisp code from my_package/my_actionActionGoal.msg[0m
[ 10%] [34m[1mGenerating Javascript code from my_package/my_actionActionResult.msg[0m
[ 11%] [34m[1mGenerating Lisp code from my_package/my_actionActionResult.msg[0m
[ 13%] [34m[1mGenerating Lisp code from my_package/my_actionActionFeedback.msg[0m
[ 14%] [34m[1mGenerating EusLisp code from my_package/my_actionActionResult.msg[0m
[ 15%] [34m[1mGenerating Lisp code from my_package/my_actionGoal.msg[0m
[ 16%] [34m[1mGenerating Javascript code from my_package/my_actionActionFeedback.msg[0m
[ 18%] [34m[1mGenerating Lisp code from my_package/my_actionResult.msg[0m
[ 18%] [34m[1mGenerating C++ code from my_package/my_actionActionResult.msg[0m
[ 19%] [34m[1mGenerating C++ code from my_package/my_actionActionFeedback.msg[0m
[ 20%] [34m[1mGenerating Lisp code from my_package/my_actionFeedback.msg[0m
[ 21%] [34m[1mGenerating Javascript code from my_package/my_actionGoal.msg[0m
[ 22%] [34m[1mGenerating Javascript code from my_package/my_actionResult.msg[0m
[ 23%] [34m[1mGenerating Javascript code from my_package/my_actionFeedback.msg[0m
[ 25%] [34m[1mGenerating EusLisp code from my_package/my_actionActionFeedback.msg[0m
[ 35%] Built target my_package_generate_messages_lisp
[ 36%] [34m[1mGenerating C++ code from my_package/my_actionGoal.msg[0m
[ 38%] [34m[1mGenerating EusLisp code from my_package/my_actionGoal.msg[0m
[ 39%] [34m[1mGenerating C++ code from my_package/my_actionResult.msg[0m
[ 50%] Built target my_package_generate_messages_nodejs
[ 51%] [34m[1mGenerating C++ code from my_package/my_actionFeedback.msg[0m
[ 52%] [34m[1mGenerating EusLisp code from my_package/my_actionResult.msg[0m
[ 53%] [34m[1mGenerating EusLisp code from my_package/my_actionFeedback.msg[0m
[ 54%] [34m[1mGenerating Python from MSG my_package/my_actionActionGoal[0m
[ 55%] [34m[1mGenerating Python from MSG my_package/my_actionActionResult[0m
[ 56%] [34m[1mGenerating Python from MSG my_package/my_actionActionFeedback[0m
[ 58%] [34m[1mGenerating Python from MSG my_package/my_actionResult[0m
[ 58%] [34m[1mGenerating Python from MSG my_package/my_actionGoal[0m
[ 59%] [34m[1mGenerating Python from MSG my_package/my_actionFeedback[0m
[ 71%] Built target my_package_generate_messages_eus
[ 82%] Built target my_package_generate_messages_cpp
[ 83%] [34m[1mGenerating Python msg __init__.py for my_package[0m
[ 84%] [34m[1mGenerating Python srv __init__.py for my_package[0m
[ 95%] Built target my_package_generate_messages_py
[35m[1mScanning dependencies of target robotControl[0m
[ 95%] Built target my_package_generate_messages
[ 97%] Built target listener
[ 98%] [32mBuilding CXX object CMakeFiles/robotControl.dir/src/robotControl.cpp.o[0m
[01m[K/home/cexxo39/excercise1_ws/src/my_package/src/robotControl.cpp:[m[K In member function ‘[01m[Kvoid my_actionAction::executeCB(const my_actionGoalConstPtr&)[m[K’:
[01m[K/home/cexxo39/excercise1_ws/src/my_package/src/robotControl.cpp:55:12:[m[K [01;31m[Kerror: [m[K‘[01m[Kmy_package::my_actionResult[m[K’ {aka ‘[01m[Kstruct my_package::my_actionResult_<std::allocator<void> >[m[K’} has no member named ‘[01m[KcurrentCharge[m[K’
   55 |    result_.[01;31m[KcurrentCharge[m[K = feedback_.currentCharge;
      |            [01;31m[K^~~~~~~~~~~~~[m[K
make[2]: *** [CMakeFiles/robotControl.dir/build.make:63: CMakeFiles/robotControl.dir/src/robotControl.cpp.o] Error 1
make[1]: *** [CMakeFiles/Makefile2:1891: CMakeFiles/robotControl.dir/all] Error 2
make: *** [Makefile:141: all] Error 2
