[  0%] Built target std_msgs_generate_messages_cpp
[  0%] Built target actionlib_msgs_generate_messages_cpp
[  0%] Built target _my_package_generate_messages_check_deps_my_actionFeedback
[  0%] Built target _my_package_generate_messages_check_deps_srv1
[  0%] Built target _my_package_generate_messages_check_deps_myActionAction
[  0%] Built target _my_package_generate_messages_check_deps_srv2
[  0%] Built target _my_package_generate_messages_check_deps_myActionActionResult
[  0%] Built target _my_package_generate_messages_check_deps_my_actionGoal
[  0%] Built target _my_package_generate_messages_check_deps_myActionActionGoal
[  0%] Built target _my_package_generate_messages_check_deps_myActionActionFeedback
[  0%] Built target _my_package_generate_messages_check_deps_myActionGoal
[  0%] Built target _my_package_generate_messages_check_deps_myActionFeedback
[  0%] Built target _my_package_generate_messages_check_deps_RVL
[  0%] Built target _my_package_generate_messages_check_deps_my_actionActionResult
[  0%] Built target std_msgs_generate_messages_nodejs
[  0%] Built target actionlib_msgs_generate_messages_nodejs
[  0%] Built target actionlib_msgs_generate_messages_py
[  0%] Built target _my_package_generate_messages_check_deps_myActionResult
[  0%] Built target _my_package_generate_messages_check_deps_my_actionAction
[  0%] Built target std_msgs_generate_messages_lisp
[  0%] Built target actionlib_msgs_generate_messages_lisp
[  0%] Built target std_msgs_generate_messages_py
[  0%] Built target std_msgs_generate_messages_eus
[  0%] Built target actionlib_msgs_generate_messages_eus
[  0%] Built target _my_package_generate_messages_check_deps_my_actionActionFeedback
[  0%] Built target _my_package_generate_messages_check_deps_my_actionResult
[  0%] Built target _my_package_generate_messages_check_deps_my_actionActionGoal
[ 18%] Built target my_package_generate_messages_lisp
[ 56%] Built target my_package_generate_messages_cpp
[ 57%] Built target my_package_generate_messages_py
[ 76%] Built target my_package_generate_messages_nodejs
[ 95%] Built target my_package_generate_messages_eus
[35m[1mScanning dependencies of target robotControl[0m
[ 95%] Built target my_package_generate_messages
[ 97%] Built target listener
[ 98%] [32mBuilding CXX object CMakeFiles/robotControl.dir/src/robotControl.cpp.o[0m
[01m[K/home/cexxo39/excercise1_ws/src/my_package/src/robotControl.cpp:[m[K In constructor ‘[01m[Kmy_actionAction::my_actionAction(std::string)[m[K’:
[01m[K/home/cexxo39/excercise1_ws/src/my_package/src/robotControl.cpp:38:82:[m[K [01;31m[Kerror: [m[K‘[01m[KexecuteCB[m[K’ is not a member of ‘[01m[Kmy_actionAction[m[K’
   38 |   my_actionAction(std::string name) : as_(nh_,name,boost::bind(&my_actionAction::[01;31m[KexecuteCB[m[K,this,_1),false),action_name_(name){
      |                                                                                  [01;31m[K^~~~~~~~~[m[K
make[2]: *** [CMakeFiles/robotControl.dir/build.make:63: CMakeFiles/robotControl.dir/src/robotControl.cpp.o] Error 1
make[1]: *** [CMakeFiles/Makefile2:1891: CMakeFiles/robotControl.dir/all] Error 2
make: *** [Makefile:141: all] Error 2
