Linked: (/home/cexxo39/excercise1_ws/devel/.private/my_package/lib/my_package/listener, /home/cexxo39/excercise1_ws/devel/lib/my_package/listener)
Linked: (/home/cexxo39/excercise1_ws/devel/.private/my_package/lib/my_package/robotControl, /home/cexxo39/excercise1_ws/devel/lib/my_package/robotControl)
Linked: (/home/cexxo39/excercise1_ws/devel/.private/my_package/lib/pkgconfig/my_package.pc, /home/cexxo39/excercise1_ws/devel/lib/pkgconfig/my_package.pc)
Linked: (/home/cexxo39/excercise1_ws/devel/.private/my_package/lib/python3/dist-packages/my_package/__init__.py, /home/cexxo39/excercise1_ws/devel/lib/python3/dist-packages/my_package/__init__.py)
Linked: (/home/cexxo39/excercise1_ws/devel/.private/my_package/lib/python3/dist-packages/my_package/srv/_srv2.py, /home/cexxo39/excercise1_ws/devel/lib/python3/dist-packages/my_package/srv/_srv2.py)
Linked: (/home/cexxo39/excercise1_ws/devel/.private/my_package/lib/python3/dist-packages/my_package/srv/_srv1.py, /home/cexxo39/excercise1_ws/devel/lib/python3/dist-packages/my_package/srv/_srv1.py)
Linked: (/home/cexxo39/excercise1_ws/devel/.private/my_package/lib/python3/dist-packages/my_package/srv/__init__.py, /home/cexxo39/excercise1_ws/devel/lib/python3/dist-packages/my_package/srv/__init__.py)
Linked: (/home/cexxo39/excercise1_ws/devel/.private/my_package/lib/python3/dist-packages/my_package/msg/_my_actionActionFeedback.py, /home/cexxo39/excercise1_ws/devel/lib/python3/dist-packages/my_package/msg/_my_actionActionFeedback.py)
Linked: (/home/cexxo39/excercise1_ws/devel/.private/my_package/lib/python3/dist-packages/my_package/msg/_my_actionAction.py, /home/cexxo39/excercise1_ws/devel/lib/python3/dist-packages/my_package/msg/_my_actionAction.py)
Linked: (/home/cexxo39/excercise1_ws/devel/.private/my_package/lib/python3/dist-packages/my_package/msg/_myActionFeedback.py, /home/cexxo39/excercise1_ws/devel/lib/python3/dist-packages/my_package/msg/_myActionFeedback.py)
Linked: (/home/cexxo39/excercise1_ws/devel/.private/my_package/lib/python3/dist-packages/my_package/msg/_my_actionGoal.py, /home/cexxo39/excercise1_ws/devel/lib/python3/dist-packages/my_package/msg/_my_actionGoal.py)
Linked: (/home/cexxo39/excercise1_ws/devel/.private/my_package/lib/python3/dist-packages/my_package/msg/_my_actionActionResult.py, /home/cexxo39/excercise1_ws/devel/lib/python3/dist-packages/my_package/msg/_my_actionActionResult.py)
Linked: (/home/cexxo39/excercise1_ws/devel/.private/my_package/lib/python3/dist-packages/my_package/msg/_RVL.py, /home/cexxo39/excercise1_ws/devel/lib/python3/dist-packages/my_package/msg/_RVL.py)
Linked: (/home/cexxo39/excercise1_ws/devel/.private/my_package/lib/python3/dist-packages/my_package/msg/_myActionActionResult.py, /home/cexxo39/excercise1_ws/devel/lib/python3/dist-packages/my_package/msg/_myActionActionResult.py)
Linked: (/home/cexxo39/excercise1_ws/devel/.private/my_package/lib/python3/dist-packages/my_package/msg/_myActionActionFeedback.py, /home/cexxo39/excercise1_ws/devel/lib/python3/dist-packages/my_package/msg/_myActionActionFeedback.py)
Linked: (/home/cexxo39/excercise1_ws/devel/.private/my_package/lib/python3/dist-packages/my_package/msg/_my_actionResult.py, /home/cexxo39/excercise1_ws/devel/lib/python3/dist-packages/my_package/msg/_my_actionResult.py)
Linked: (/home/cexxo39/excercise1_ws/devel/.private/my_package/lib/python3/dist-packages/my_package/msg/_my_actionFeedback.py, /home/cexxo39/excercise1_ws/devel/lib/python3/dist-packages/my_package/msg/_my_actionFeedback.py)
Linked: (/home/cexxo39/excercise1_ws/devel/.private/my_package/lib/python3/dist-packages/my_package/msg/_myActionAction.py, /home/cexxo39/excercise1_ws/devel/lib/python3/dist-packages/my_package/msg/_myActionAction.py)
Linked: (/home/cexxo39/excercise1_ws/devel/.private/my_package/lib/python3/dist-packages/my_package/msg/_myActionGoal.py, /home/cexxo39/excercise1_ws/devel/lib/python3/dist-packages/my_package/msg/_myActionGoal.py)
Linked: (/home/cexxo39/excercise1_ws/devel/.private/my_package/lib/python3/dist-packages/my_package/msg/_myActionActionGoal.py, /home/cexxo39/excercise1_ws/devel/lib/python3/dist-packages/my_package/msg/_myActionActionGoal.py)
Linked: (/home/cexxo39/excercise1_ws/devel/.private/my_package/lib/python3/dist-packages/my_package/msg/_myActionResult.py, /home/cexxo39/excercise1_ws/devel/lib/python3/dist-packages/my_package/msg/_myActionResult.py)
Linked: (/home/cexxo39/excercise1_ws/devel/.private/my_package/lib/python3/dist-packages/my_package/msg/__init__.py, /home/cexxo39/excercise1_ws/devel/lib/python3/dist-packages/my_package/msg/__init__.py)
Linked: (/home/cexxo39/excercise1_ws/devel/.private/my_package/lib/python3/dist-packages/my_package/msg/_my_actionActionGoal.py, /home/cexxo39/excercise1_ws/devel/lib/python3/dist-packages/my_package/msg/_my_actionActionGoal.py)
Linked: (/home/cexxo39/excercise1_ws/devel/.private/my_package/share/my_package/cmake/my_packageConfig.cmake, /home/cexxo39/excercise1_ws/devel/share/my_package/cmake/my_packageConfig.cmake)
Linked: (/home/cexxo39/excercise1_ws/devel/.private/my_package/share/my_package/cmake/my_package-msg-extras.cmake, /home/cexxo39/excercise1_ws/devel/share/my_package/cmake/my_package-msg-extras.cmake)
Linked: (/home/cexxo39/excercise1_ws/devel/.private/my_package/share/my_package/cmake/my_package-msg-paths.cmake, /home/cexxo39/excercise1_ws/devel/share/my_package/cmake/my_package-msg-paths.cmake)
Linked: (/home/cexxo39/excercise1_ws/devel/.private/my_package/share/my_package/cmake/my_packageConfig-version.cmake, /home/cexxo39/excercise1_ws/devel/share/my_package/cmake/my_packageConfig-version.cmake)
Linked: (/home/cexxo39/excercise1_ws/devel/.private/my_package/share/my_package/msg/myActionActionGoal.msg, /home/cexxo39/excercise1_ws/devel/share/my_package/msg/myActionActionGoal.msg)
Linked: (/home/cexxo39/excercise1_ws/devel/.private/my_package/share/my_package/msg/myActionFeedback.msg, /home/cexxo39/excercise1_ws/devel/share/my_package/msg/myActionFeedback.msg)
Linked: (/home/cexxo39/excercise1_ws/devel/.private/my_package/share/my_package/msg/my_actionFeedback.msg, /home/cexxo39/excercise1_ws/devel/share/my_package/msg/my_actionFeedback.msg)
Linked: (/home/cexxo39/excercise1_ws/devel/.private/my_package/share/my_package/msg/myActionAction.msg, /home/cexxo39/excercise1_ws/devel/share/my_package/msg/myActionAction.msg)
Linked: (/home/cexxo39/excercise1_ws/devel/.private/my_package/share/my_package/msg/my_actionGoal.msg, /home/cexxo39/excercise1_ws/devel/share/my_package/msg/my_actionGoal.msg)
Linked: (/home/cexxo39/excercise1_ws/devel/.private/my_package/share/my_package/msg/my_actionActionResult.msg, /home/cexxo39/excercise1_ws/devel/share/my_package/msg/my_actionActionResult.msg)
Linked: (/home/cexxo39/excercise1_ws/devel/.private/my_package/share/my_package/msg/my_actionActionGoal.msg, /home/cexxo39/excercise1_ws/devel/share/my_package/msg/my_actionActionGoal.msg)
Linked: (/home/cexxo39/excercise1_ws/devel/.private/my_package/share/my_package/msg/my_actionAction.msg, /home/cexxo39/excercise1_ws/devel/share/my_package/msg/my_actionAction.msg)
Linked: (/home/cexxo39/excercise1_ws/devel/.private/my_package/share/my_package/msg/myActionActionResult.msg, /home/cexxo39/excercise1_ws/devel/share/my_package/msg/myActionActionResult.msg)
Linked: (/home/cexxo39/excercise1_ws/devel/.private/my_package/share/my_package/msg/my_actionActionFeedback.msg, /home/cexxo39/excercise1_ws/devel/share/my_package/msg/my_actionActionFeedback.msg)
Linked: (/home/cexxo39/excercise1_ws/devel/.private/my_package/share/my_package/msg/my_actionResult.msg, /home/cexxo39/excercise1_ws/devel/share/my_package/msg/my_actionResult.msg)
Linked: (/home/cexxo39/excercise1_ws/devel/.private/my_package/share/my_package/msg/myActionActionFeedback.msg, /home/cexxo39/excercise1_ws/devel/share/my_package/msg/myActionActionFeedback.msg)
Linked: (/home/cexxo39/excercise1_ws/devel/.private/my_package/share/my_package/msg/myActionGoal.msg, /home/cexxo39/excercise1_ws/devel/share/my_package/msg/myActionGoal.msg)
Linked: (/home/cexxo39/excercise1_ws/devel/.private/my_package/share/my_package/msg/myActionResult.msg, /home/cexxo39/excercise1_ws/devel/share/my_package/msg/myActionResult.msg)
Linked: (/home/cexxo39/excercise1_ws/devel/.private/my_package/share/gennodejs/ros/my_package/_index.js, /home/cexxo39/excercise1_ws/devel/share/gennodejs/ros/my_package/_index.js)
Linked: (/home/cexxo39/excercise1_ws/devel/.private/my_package/share/gennodejs/ros/my_package/srv/srv1.js, /home/cexxo39/excercise1_ws/devel/share/gennodejs/ros/my_package/srv/srv1.js)
Linked: (/home/cexxo39/excercise1_ws/devel/.private/my_package/share/gennodejs/ros/my_package/srv/srv2.js, /home/cexxo39/excercise1_ws/devel/share/gennodejs/ros/my_package/srv/srv2.js)
Linked: (/home/cexxo39/excercise1_ws/devel/.private/my_package/share/gennodejs/ros/my_package/srv/_index.js, /home/cexxo39/excercise1_ws/devel/share/gennodejs/ros/my_package/srv/_index.js)
Linked: (/home/cexxo39/excercise1_ws/devel/.private/my_package/share/gennodejs/ros/my_package/msg/my_actionActionFeedback.js, /home/cexxo39/excercise1_ws/devel/share/gennodejs/ros/my_package/msg/my_actionActionFeedback.js)
Linked: (/home/cexxo39/excercise1_ws/devel/.private/my_package/share/gennodejs/ros/my_package/msg/myActionAction.js, /home/cexxo39/excercise1_ws/devel/share/gennodejs/ros/my_package/msg/myActionAction.js)
Linked: (/home/cexxo39/excercise1_ws/devel/.private/my_package/share/gennodejs/ros/my_package/msg/my_actionAction.js, /home/cexxo39/excercise1_ws/devel/share/gennodejs/ros/my_package/msg/my_actionAction.js)
Linked: (/home/cexxo39/excercise1_ws/devel/.private/my_package/share/gennodejs/ros/my_package/msg/my_actionActionResult.js, /home/cexxo39/excercise1_ws/devel/share/gennodejs/ros/my_package/msg/my_actionActionResult.js)
Linked: (/home/cexxo39/excercise1_ws/devel/.private/my_package/share/gennodejs/ros/my_package/msg/myActionResult.js, /home/cexxo39/excercise1_ws/devel/share/gennodejs/ros/my_package/msg/myActionResult.js)
Linked: (/home/cexxo39/excercise1_ws/devel/.private/my_package/share/gennodejs/ros/my_package/msg/RVL.js, /home/cexxo39/excercise1_ws/devel/share/gennodejs/ros/my_package/msg/RVL.js)
Linked: (/home/cexxo39/excercise1_ws/devel/.private/my_package/share/gennodejs/ros/my_package/msg/my_actionFeedback.js, /home/cexxo39/excercise1_ws/devel/share/gennodejs/ros/my_package/msg/my_actionFeedback.js)
Linked: (/home/cexxo39/excercise1_ws/devel/.private/my_package/share/gennodejs/ros/my_package/msg/myActionGoal.js, /home/cexxo39/excercise1_ws/devel/share/gennodejs/ros/my_package/msg/myActionGoal.js)
Linked: (/home/cexxo39/excercise1_ws/devel/.private/my_package/share/gennodejs/ros/my_package/msg/my_actionGoal.js, /home/cexxo39/excercise1_ws/devel/share/gennodejs/ros/my_package/msg/my_actionGoal.js)
Linked: (/home/cexxo39/excercise1_ws/devel/.private/my_package/share/gennodejs/ros/my_package/msg/my_actionResult.js, /home/cexxo39/excercise1_ws/devel/share/gennodejs/ros/my_package/msg/my_actionResult.js)
Linked: (/home/cexxo39/excercise1_ws/devel/.private/my_package/share/gennodejs/ros/my_package/msg/myActionFeedback.js, /home/cexxo39/excercise1_ws/devel/share/gennodejs/ros/my_package/msg/myActionFeedback.js)
Linked: (/home/cexxo39/excercise1_ws/devel/.private/my_package/share/gennodejs/ros/my_package/msg/myActionActionFeedback.js, /home/cexxo39/excercise1_ws/devel/share/gennodejs/ros/my_package/msg/myActionActionFeedback.js)
Linked: (/home/cexxo39/excercise1_ws/devel/.private/my_package/share/gennodejs/ros/my_package/msg/myActionActionResult.js, /home/cexxo39/excercise1_ws/devel/share/gennodejs/ros/my_package/msg/myActionActionResult.js)
Linked: (/home/cexxo39/excercise1_ws/devel/.private/my_package/share/gennodejs/ros/my_package/msg/my_actionActionGoal.js, /home/cexxo39/excercise1_ws/devel/share/gennodejs/ros/my_package/msg/my_actionActionGoal.js)
Linked: (/home/cexxo39/excercise1_ws/devel/.private/my_package/share/gennodejs/ros/my_package/msg/myActionActionGoal.js, /home/cexxo39/excercise1_ws/devel/share/gennodejs/ros/my_package/msg/myActionActionGoal.js)
Linked: (/home/cexxo39/excercise1_ws/devel/.private/my_package/share/gennodejs/ros/my_package/msg/_index.js, /home/cexxo39/excercise1_ws/devel/share/gennodejs/ros/my_package/msg/_index.js)
Linked: (/home/cexxo39/excercise1_ws/devel/.private/my_package/share/common-lisp/ros/my_package/srv/srv1.lisp, /home/cexxo39/excercise1_ws/devel/share/common-lisp/ros/my_package/srv/srv1.lisp)
Linked: (/home/cexxo39/excercise1_ws/devel/.private/my_package/share/common-lisp/ros/my_package/srv/_package_srv2.lisp, /home/cexxo39/excercise1_ws/devel/share/common-lisp/ros/my_package/srv/_package_srv2.lisp)
Linked: (/home/cexxo39/excercise1_ws/devel/.private/my_package/share/common-lisp/ros/my_package/srv/_package.lisp, /home/cexxo39/excercise1_ws/devel/share/common-lisp/ros/my_package/srv/_package.lisp)
Linked: (/home/cexxo39/excercise1_ws/devel/.private/my_package/share/common-lisp/ros/my_package/srv/srv2.lisp, /home/cexxo39/excercise1_ws/devel/share/common-lisp/ros/my_package/srv/srv2.lisp)
Linked: (/home/cexxo39/excercise1_ws/devel/.private/my_package/share/common-lisp/ros/my_package/srv/_package_srv1.lisp, /home/cexxo39/excercise1_ws/devel/share/common-lisp/ros/my_package/srv/_package_srv1.lisp)
Linked: (/home/cexxo39/excercise1_ws/devel/.private/my_package/share/common-lisp/ros/my_package/srv/my_package-srv.asd, /home/cexxo39/excercise1_ws/devel/share/common-lisp/ros/my_package/srv/my_package-srv.asd)
Linked: (/home/cexxo39/excercise1_ws/devel/.private/my_package/share/common-lisp/ros/my_package/msg/myActionActionGoal.lisp, /home/cexxo39/excercise1_ws/devel/share/common-lisp/ros/my_package/msg/myActionActionGoal.lisp)
Linked: (/home/cexxo39/excercise1_ws/devel/.private/my_package/share/common-lisp/ros/my_package/msg/_package_my_actionResult.lisp, /home/cexxo39/excercise1_ws/devel/share/common-lisp/ros/my_package/msg/_package_my_actionResult.lisp)
Linked: (/home/cexxo39/excercise1_ws/devel/.private/my_package/share/common-lisp/ros/my_package/msg/_package_myActionActionFeedback.lisp, /home/cexxo39/excercise1_ws/devel/share/common-lisp/ros/my_package/msg/_package_myActionActionFeedback.lisp)
Linked: (/home/cexxo39/excercise1_ws/devel/.private/my_package/share/common-lisp/ros/my_package/msg/_package_myActionGoal.lisp, /home/cexxo39/excercise1_ws/devel/share/common-lisp/ros/my_package/msg/_package_myActionGoal.lisp)
Linked: (/home/cexxo39/excercise1_ws/devel/.private/my_package/share/common-lisp/ros/my_package/msg/my_actionAction.lisp, /home/cexxo39/excercise1_ws/devel/share/common-lisp/ros/my_package/msg/my_actionAction.lisp)
Linked: (/home/cexxo39/excercise1_ws/devel/.private/my_package/share/common-lisp/ros/my_package/msg/my_actionActionResult.lisp, /home/cexxo39/excercise1_ws/devel/share/common-lisp/ros/my_package/msg/my_actionActionResult.lisp)
Linked: (/home/cexxo39/excercise1_ws/devel/.private/my_package/share/common-lisp/ros/my_package/msg/myActionAction.lisp, /home/cexxo39/excercise1_ws/devel/share/common-lisp/ros/my_package/msg/myActionAction.lisp)
Linked: (/home/cexxo39/excercise1_ws/devel/.private/my_package/share/common-lisp/ros/my_package/msg/_package_my_actionActionFeedback.lisp, /home/cexxo39/excercise1_ws/devel/share/common-lisp/ros/my_package/msg/_package_my_actionActionFeedback.lisp)
Linked: (/home/cexxo39/excercise1_ws/devel/.private/my_package/share/common-lisp/ros/my_package/msg/_package_myActionResult.lisp, /home/cexxo39/excercise1_ws/devel/share/common-lisp/ros/my_package/msg/_package_myActionResult.lisp)
Linked: (/home/cexxo39/excercise1_ws/devel/.private/my_package/share/common-lisp/ros/my_package/msg/_package_my_actionActionGoal.lisp, /home/cexxo39/excercise1_ws/devel/share/common-lisp/ros/my_package/msg/_package_my_actionActionGoal.lisp)
Linked: (/home/cexxo39/excercise1_ws/devel/.private/my_package/share/common-lisp/ros/my_package/msg/_package_my_actionGoal.lisp, /home/cexxo39/excercise1_ws/devel/share/common-lisp/ros/my_package/msg/_package_my_actionGoal.lisp)
Linked: (/home/cexxo39/excercise1_ws/devel/.private/my_package/share/common-lisp/ros/my_package/msg/_package_my_actionActionResult.lisp, /home/cexxo39/excercise1_ws/devel/share/common-lisp/ros/my_package/msg/_package_my_actionActionResult.lisp)
Linked: (/home/cexxo39/excercise1_ws/devel/.private/my_package/share/common-lisp/ros/my_package/msg/myActionActionResult.lisp, /home/cexxo39/excercise1_ws/devel/share/common-lisp/ros/my_package/msg/myActionActionResult.lisp)
Linked: (/home/cexxo39/excercise1_ws/devel/.private/my_package/share/common-lisp/ros/my_package/msg/myActionActionFeedback.lisp, /home/cexxo39/excercise1_ws/devel/share/common-lisp/ros/my_package/msg/myActionActionFeedback.lisp)
Linked: (/home/cexxo39/excercise1_ws/devel/.private/my_package/share/common-lisp/ros/my_package/msg/_package_my_actionFeedback.lisp, /home/cexxo39/excercise1_ws/devel/share/common-lisp/ros/my_package/msg/_package_my_actionFeedback.lisp)
Linked: (/home/cexxo39/excercise1_ws/devel/.private/my_package/share/common-lisp/ros/my_package/msg/myActionGoal.lisp, /home/cexxo39/excercise1_ws/devel/share/common-lisp/ros/my_package/msg/myActionGoal.lisp)
Linked: (/home/cexxo39/excercise1_ws/devel/.private/my_package/share/common-lisp/ros/my_package/msg/_package_RVL.lisp, /home/cexxo39/excercise1_ws/devel/share/common-lisp/ros/my_package/msg/_package_RVL.lisp)
Linked: (/home/cexxo39/excercise1_ws/devel/.private/my_package/share/common-lisp/ros/my_package/msg/my_package-msg.asd, /home/cexxo39/excercise1_ws/devel/share/common-lisp/ros/my_package/msg/my_package-msg.asd)
Linked: (/home/cexxo39/excercise1_ws/devel/.private/my_package/share/common-lisp/ros/my_package/msg/_package_myActionActionResult.lisp, /home/cexxo39/excercise1_ws/devel/share/common-lisp/ros/my_package/msg/_package_myActionActionResult.lisp)
Linked: (/home/cexxo39/excercise1_ws/devel/.private/my_package/share/common-lisp/ros/my_package/msg/_package_my_actionAction.lisp, /home/cexxo39/excercise1_ws/devel/share/common-lisp/ros/my_package/msg/_package_my_actionAction.lisp)
Linked: (/home/cexxo39/excercise1_ws/devel/.private/my_package/share/common-lisp/ros/my_package/msg/_package.lisp, /home/cexxo39/excercise1_ws/devel/share/common-lisp/ros/my_package/msg/_package.lisp)
Linked: (/home/cexxo39/excercise1_ws/devel/.private/my_package/share/common-lisp/ros/my_package/msg/myActionResult.lisp, /home/cexxo39/excercise1_ws/devel/share/common-lisp/ros/my_package/msg/myActionResult.lisp)
Linked: (/home/cexxo39/excercise1_ws/devel/.private/my_package/share/common-lisp/ros/my_package/msg/RVL.lisp, /home/cexxo39/excercise1_ws/devel/share/common-lisp/ros/my_package/msg/RVL.lisp)
Linked: (/home/cexxo39/excercise1_ws/devel/.private/my_package/share/common-lisp/ros/my_package/msg/myActionFeedback.lisp, /home/cexxo39/excercise1_ws/devel/share/common-lisp/ros/my_package/msg/myActionFeedback.lisp)
Linked: (/home/cexxo39/excercise1_ws/devel/.private/my_package/share/common-lisp/ros/my_package/msg/my_actionGoal.lisp, /home/cexxo39/excercise1_ws/devel/share/common-lisp/ros/my_package/msg/my_actionGoal.lisp)
Linked: (/home/cexxo39/excercise1_ws/devel/.private/my_package/share/common-lisp/ros/my_package/msg/my_actionFeedback.lisp, /home/cexxo39/excercise1_ws/devel/share/common-lisp/ros/my_package/msg/my_actionFeedback.lisp)
Linked: (/home/cexxo39/excercise1_ws/devel/.private/my_package/share/common-lisp/ros/my_package/msg/_package_myActionActionGoal.lisp, /home/cexxo39/excercise1_ws/devel/share/common-lisp/ros/my_package/msg/_package_myActionActionGoal.lisp)
Linked: (/home/cexxo39/excercise1_ws/devel/.private/my_package/share/common-lisp/ros/my_package/msg/my_actionResult.lisp, /home/cexxo39/excercise1_ws/devel/share/common-lisp/ros/my_package/msg/my_actionResult.lisp)
Linked: (/home/cexxo39/excercise1_ws/devel/.private/my_package/share/common-lisp/ros/my_package/msg/_package_myActionFeedback.lisp, /home/cexxo39/excercise1_ws/devel/share/common-lisp/ros/my_package/msg/_package_myActionFeedback.lisp)
Linked: (/home/cexxo39/excercise1_ws/devel/.private/my_package/share/common-lisp/ros/my_package/msg/my_actionActionFeedback.lisp, /home/cexxo39/excercise1_ws/devel/share/common-lisp/ros/my_package/msg/my_actionActionFeedback.lisp)
Linked: (/home/cexxo39/excercise1_ws/devel/.private/my_package/share/common-lisp/ros/my_package/msg/_package_myActionAction.lisp, /home/cexxo39/excercise1_ws/devel/share/common-lisp/ros/my_package/msg/_package_myActionAction.lisp)
Linked: (/home/cexxo39/excercise1_ws/devel/.private/my_package/share/common-lisp/ros/my_package/msg/my_actionActionGoal.lisp, /home/cexxo39/excercise1_ws/devel/share/common-lisp/ros/my_package/msg/my_actionActionGoal.lisp)
Linked: (/home/cexxo39/excercise1_ws/devel/.private/my_package/share/roseus/ros/my_package/manifest.l, /home/cexxo39/excercise1_ws/devel/share/roseus/ros/my_package/manifest.l)
Linked: (/home/cexxo39/excercise1_ws/devel/.private/my_package/share/roseus/ros/my_package/srv/srv2.l, /home/cexxo39/excercise1_ws/devel/share/roseus/ros/my_package/srv/srv2.l)
Linked: (/home/cexxo39/excercise1_ws/devel/.private/my_package/share/roseus/ros/my_package/srv/srv1.l, /home/cexxo39/excercise1_ws/devel/share/roseus/ros/my_package/srv/srv1.l)
Linked: (/home/cexxo39/excercise1_ws/devel/.private/my_package/share/roseus/ros/my_package/msg/myActionAction.l, /home/cexxo39/excercise1_ws/devel/share/roseus/ros/my_package/msg/myActionAction.l)
Linked: (/home/cexxo39/excercise1_ws/devel/.private/my_package/share/roseus/ros/my_package/msg/my_actionActionResult.l, /home/cexxo39/excercise1_ws/devel/share/roseus/ros/my_package/msg/my_actionActionResult.l)
Linked: (/home/cexxo39/excercise1_ws/devel/.private/my_package/share/roseus/ros/my_package/msg/myActionActionResult.l, /home/cexxo39/excercise1_ws/devel/share/roseus/ros/my_package/msg/myActionActionResult.l)
Linked: (/home/cexxo39/excercise1_ws/devel/.private/my_package/share/roseus/ros/my_package/msg/my_actionActionFeedback.l, /home/cexxo39/excercise1_ws/devel/share/roseus/ros/my_package/msg/my_actionActionFeedback.l)
Linked: (/home/cexxo39/excercise1_ws/devel/.private/my_package/share/roseus/ros/my_package/msg/my_actionActionGoal.l, /home/cexxo39/excercise1_ws/devel/share/roseus/ros/my_package/msg/my_actionActionGoal.l)
Linked: (/home/cexxo39/excercise1_ws/devel/.private/my_package/share/roseus/ros/my_package/msg/my_actionFeedback.l, /home/cexxo39/excercise1_ws/devel/share/roseus/ros/my_package/msg/my_actionFeedback.l)
Linked: (/home/cexxo39/excercise1_ws/devel/.private/my_package/share/roseus/ros/my_package/msg/myActionActionGoal.l, /home/cexxo39/excercise1_ws/devel/share/roseus/ros/my_package/msg/myActionActionGoal.l)
Linked: (/home/cexxo39/excercise1_ws/devel/.private/my_package/share/roseus/ros/my_package/msg/RVL.l, /home/cexxo39/excercise1_ws/devel/share/roseus/ros/my_package/msg/RVL.l)
Linked: (/home/cexxo39/excercise1_ws/devel/.private/my_package/share/roseus/ros/my_package/msg/my_actionGoal.l, /home/cexxo39/excercise1_ws/devel/share/roseus/ros/my_package/msg/my_actionGoal.l)
Linked: (/home/cexxo39/excercise1_ws/devel/.private/my_package/share/roseus/ros/my_package/msg/myActionResult.l, /home/cexxo39/excercise1_ws/devel/share/roseus/ros/my_package/msg/myActionResult.l)
Linked: (/home/cexxo39/excercise1_ws/devel/.private/my_package/share/roseus/ros/my_package/msg/my_actionResult.l, /home/cexxo39/excercise1_ws/devel/share/roseus/ros/my_package/msg/my_actionResult.l)
Linked: (/home/cexxo39/excercise1_ws/devel/.private/my_package/share/roseus/ros/my_package/msg/my_actionAction.l, /home/cexxo39/excercise1_ws/devel/share/roseus/ros/my_package/msg/my_actionAction.l)
Linked: (/home/cexxo39/excercise1_ws/devel/.private/my_package/share/roseus/ros/my_package/msg/myActionFeedback.l, /home/cexxo39/excercise1_ws/devel/share/roseus/ros/my_package/msg/myActionFeedback.l)
Linked: (/home/cexxo39/excercise1_ws/devel/.private/my_package/share/roseus/ros/my_package/msg/myActionGoal.l, /home/cexxo39/excercise1_ws/devel/share/roseus/ros/my_package/msg/myActionGoal.l)
Linked: (/home/cexxo39/excercise1_ws/devel/.private/my_package/share/roseus/ros/my_package/msg/myActionActionFeedback.l, /home/cexxo39/excercise1_ws/devel/share/roseus/ros/my_package/msg/myActionActionFeedback.l)
Linked: (/home/cexxo39/excercise1_ws/devel/.private/my_package/include/my_package/my_actionAction.h, /home/cexxo39/excercise1_ws/devel/include/my_package/my_actionAction.h)
Linked: (/home/cexxo39/excercise1_ws/devel/.private/my_package/include/my_package/my_actionGoal.h, /home/cexxo39/excercise1_ws/devel/include/my_package/my_actionGoal.h)
Linked: (/home/cexxo39/excercise1_ws/devel/.private/my_package/include/my_package/srv1Request.h, /home/cexxo39/excercise1_ws/devel/include/my_package/srv1Request.h)
Linked: (/home/cexxo39/excercise1_ws/devel/.private/my_package/include/my_package/srv1.h, /home/cexxo39/excercise1_ws/devel/include/my_package/srv1.h)
Linked: (/home/cexxo39/excercise1_ws/devel/.private/my_package/include/my_package/myActionAction.h, /home/cexxo39/excercise1_ws/devel/include/my_package/myActionAction.h)
Linked: (/home/cexxo39/excercise1_ws/devel/.private/my_package/include/my_package/myActionActionResult.h, /home/cexxo39/excercise1_ws/devel/include/my_package/myActionActionResult.h)
Linked: (/home/cexxo39/excercise1_ws/devel/.private/my_package/include/my_package/my_actionActionResult.h, /home/cexxo39/excercise1_ws/devel/include/my_package/my_actionActionResult.h)
Linked: (/home/cexxo39/excercise1_ws/devel/.private/my_package/include/my_package/myActionFeedback.h, /home/cexxo39/excercise1_ws/devel/include/my_package/myActionFeedback.h)
Linked: (/home/cexxo39/excercise1_ws/devel/.private/my_package/include/my_package/my_actionActionFeedback.h, /home/cexxo39/excercise1_ws/devel/include/my_package/my_actionActionFeedback.h)
Linked: (/home/cexxo39/excercise1_ws/devel/.private/my_package/include/my_package/srv2Request.h, /home/cexxo39/excercise1_ws/devel/include/my_package/srv2Request.h)
Linked: (/home/cexxo39/excercise1_ws/devel/.private/my_package/include/my_package/RVL.h, /home/cexxo39/excercise1_ws/devel/include/my_package/RVL.h)
Linked: (/home/cexxo39/excercise1_ws/devel/.private/my_package/include/my_package/myActionActionFeedback.h, /home/cexxo39/excercise1_ws/devel/include/my_package/myActionActionFeedback.h)
Linked: (/home/cexxo39/excercise1_ws/devel/.private/my_package/include/my_package/srv1Response.h, /home/cexxo39/excercise1_ws/devel/include/my_package/srv1Response.h)
Linked: (/home/cexxo39/excercise1_ws/devel/.private/my_package/include/my_package/my_actionFeedback.h, /home/cexxo39/excercise1_ws/devel/include/my_package/my_actionFeedback.h)
Linked: (/home/cexxo39/excercise1_ws/devel/.private/my_package/include/my_package/myActionResult.h, /home/cexxo39/excercise1_ws/devel/include/my_package/myActionResult.h)
Linked: (/home/cexxo39/excercise1_ws/devel/.private/my_package/include/my_package/srv2Response.h, /home/cexxo39/excercise1_ws/devel/include/my_package/srv2Response.h)
Linked: (/home/cexxo39/excercise1_ws/devel/.private/my_package/include/my_package/my_actionResult.h, /home/cexxo39/excercise1_ws/devel/include/my_package/my_actionResult.h)
Linked: (/home/cexxo39/excercise1_ws/devel/.private/my_package/include/my_package/myActionGoal.h, /home/cexxo39/excercise1_ws/devel/include/my_package/myActionGoal.h)
Linked: (/home/cexxo39/excercise1_ws/devel/.private/my_package/include/my_package/my_actionActionGoal.h, /home/cexxo39/excercise1_ws/devel/include/my_package/my_actionActionGoal.h)
Linked: (/home/cexxo39/excercise1_ws/devel/.private/my_package/include/my_package/srv2.h, /home/cexxo39/excercise1_ws/devel/include/my_package/srv2.h)
Linked: (/home/cexxo39/excercise1_ws/devel/.private/my_package/include/my_package/myActionActionGoal.h, /home/cexxo39/excercise1_ws/devel/include/my_package/myActionActionGoal.h)
