[01m[K/home/cexxo39/excercise1_ws/src/my_package/src/listener.cpp:[m[K In function ‘[01m[Kint main(int, char**)[m[K’:
[01m[K/home/cexxo39/excercise1_ws/src/my_package/src/listener.cpp:28:27:[m[K [01;31m[Kerror: [m[Kno match for ‘[01m[Koperator=[m[K’ (operand types are ‘[01m[Kmy_package::srv1Request_<std::allocator<void> >::_msg_type[m[K’ {aka ‘[01m[Kstd_msgs::Header_<std::allocator<void> >[m[K’} and ‘[01m[Kchar[m[K’)
   28 |  srv.request.msg = *argv[1[01;31m[K][m[K;
      |                           [01;31m[K^[m[K
In file included from [01m[K/home/cexxo39/excercise1_ws/devel/.private/my_package/include/my_package/srv1Request.h:18[m[K,
                 from [01m[K/home/cexxo39/excercise1_ws/devel/.private/my_package/include/my_package/srv1.h:11[m[K,
                 from [01m[K/home/cexxo39/excercise1_ws/src/my_package/src/listener.cpp:3[m[K:
[01m[K/opt/ros/noetic/include/std_msgs/Header.h:22:8:[m[K [01;36m[Knote: [m[Kcandidate: ‘[01m[Kstd_msgs::Header_<std::allocator<void> >& std_msgs::Header_<std::allocator<void> >::operator=(const std_msgs::Header_<std::allocator<void> >&)[m[K’
   22 | struct [01;36m[KHeader_[m[K
      |        [01;36m[K^~~~~~~[m[K
[01m[K/opt/ros/noetic/include/std_msgs/Header.h:22:8:[m[K [01;36m[Knote: [m[K  no known conversion for argument 1 from ‘[01m[Kchar[m[K’ to ‘[01m[Kconst std_msgs::Header_<std::allocator<void> >&[m[K’
[01m[K/opt/ros/noetic/include/std_msgs/Header.h:22:8:[m[K [01;36m[Knote: [m[Kcandidate: ‘[01m[Kstd_msgs::Header_<std::allocator<void> >& std_msgs::Header_<std::allocator<void> >::operator=(std_msgs::Header_<std::allocator<void> >&&)[m[K’
[01m[K/opt/ros/noetic/include/std_msgs/Header.h:22:8:[m[K [01;36m[Knote: [m[K  no known conversion for argument 1 from ‘[01m[Kchar[m[K’ to ‘[01m[Kstd_msgs::Header_<std::allocator<void> >&&[m[K’
[01m[K/home/cexxo39/excercise1_ws/src/my_package/src/robotControl.cpp:[m[K In function ‘[01m[Kint main(int, char**)[m[K’:
[01m[K/home/cexxo39/excercise1_ws/src/my_package/src/robotControl.cpp:68:90:[m[K [01;31m[Kerror: [m[Kno matching function for call to ‘[01m[Kros::NodeHandle::advertiseService(const char [12], bool (&)())[m[K’
   68 |  ros::ServiceServer service = n.advertiseService = n.advertiseService("Giving info", info[01;31m[K)[m[K;
      |                                                                                          [01;31m[K^[m[K
In file included from [01m[K/opt/ros/noetic/include/ros/ros.h:45[m[K,
                 from [01m[K/home/cexxo39/excercise1_ws/src/my_package/src/robotControl.cpp:1[m[K:
[01m[K/opt/ros/noetic/include/ros/node_handle.h:879:17:[m[K [01;36m[Knote: [m[Kcandidate: ‘[01m[Ktemplate<class T, class MReq, class MRes> ros::ServiceServer ros::NodeHandle::advertiseService(const string&, bool (T::*)(MReq&, MRes&), T*)[m[K’
  879 |   ServiceServer [01;36m[KadvertiseService[m[K(const std::string& service, bool(T::*srv_func)(MReq &, MRes &), T *obj)
      |                 [01;36m[K^~~~~~~~~~~~~~~~[m[K
[01m[K/opt/ros/noetic/include/ros/node_handle.h:879:17:[m[K [01;36m[Knote: [m[K  template argument deduction/substitution failed:
[01m[K/home/cexxo39/excercise1_ws/src/my_package/src/robotControl.cpp:68:90:[m[K [01;36m[Knote: [m[K  mismatched types ‘[01m[Kbool (T::*)(MReq&, MRes&)[m[K’ and ‘[01m[Kbool (*)()[m[K’
   68 |  ros::ServiceServer service = n.advertiseService = n.advertiseService("Giving info", info[01;36m[K)[m[K;
      |                                                                                          [01;36m[K^[m[K
In file included from [01m[K/opt/ros/noetic/include/ros/ros.h:45[m[K,
                 from [01m[K/home/cexxo39/excercise1_ws/src/my_package/src/robotControl.cpp:1[m[K:
[01m[K/opt/ros/noetic/include/ros/node_handle.h:924:17:[m[K [01;36m[Knote: [m[Kcandidate: ‘[01m[Ktemplate<class T, class MReq, class MRes> ros::ServiceServer ros::NodeHandle::advertiseService(const string&, bool (T::*)(ros::ServiceEvent<MReq, MRes>&), T*)[m[K’
  924 |   ServiceServer [01;36m[KadvertiseService[m[K(const std::string& service, bool(T::*srv_func)(ServiceEvent<MReq, MRes>&), T *obj)
      |                 [01;36m[K^~~~~~~~~~~~~~~~[m[K
[01m[K/opt/ros/noetic/include/ros/node_handle.h:924:17:[m[K [01;36m[Knote: [m[K  template argument deduction/substitution failed:
[01m[K/home/cexxo39/excercise1_ws/src/my_package/src/robotControl.cpp:68:90:[m[K [01;36m[Knote: [m[K  mismatched types ‘[01m[Kbool (T::*)(ros::ServiceEvent<MReq, MRes>&)[m[K’ and ‘[01m[Kbool (*)()[m[K’
   68 |  ros::ServiceServer service = n.advertiseService = n.advertiseService("Giving info", info[01;36m[K)[m[K;
      |                                                                                          [01;36m[K^[m[K
In file included from [01m[K/opt/ros/noetic/include/ros/ros.h:45[m[K,
                 from [01m[K/home/cexxo39/excercise1_ws/src/my_package/src/robotControl.cpp:1[m[K:
[01m[K/opt/ros/noetic/include/ros/node_handle.h:970:17:[m[K [01;36m[Knote: [m[Kcandidate: ‘[01m[Ktemplate<class T, class MReq, class MRes> ros::ServiceServer ros::NodeHandle::advertiseService(const string&, bool (T::*)(MReq&, MRes&), const boost::shared_ptr<X>&)[m[K’
  970 |   ServiceServer [01;36m[KadvertiseService[m[K(const std::string& service, bool(T::*srv_func)(MReq &, MRes &), const boost::shared_ptr<T>& obj)
      |                 [01;36m[K^~~~~~~~~~~~~~~~[m[K
[01m[K/opt/ros/noetic/include/ros/node_handle.h:970:17:[m[K [01;36m[Knote: [m[K  template argument deduction/substitution failed:
[01m[K/home/cexxo39/excercise1_ws/src/my_package/src/robotControl.cpp:68:90:[m[K [01;36m[Knote: [m[K  mismatched types ‘[01m[Kbool (T::*)(MReq&, MRes&)[m[K’ and ‘[01m[Kbool (*)()[m[K’
   68 |  ros::ServiceServer service = n.advertiseService = n.advertiseService("Giving info", info[01;36m[K)[m[K;
      |                                                                                          [01;36m[K^[m[K
In file included from [01m[K/opt/ros/noetic/include/ros/ros.h:45[m[K,
                 from [01m[K/home/cexxo39/excercise1_ws/src/my_package/src/robotControl.cpp:1[m[K:
[01m[K/opt/ros/noetic/include/ros/node_handle.h:1017:17:[m[K [01;36m[Knote: [m[Kcandidate: ‘[01m[Ktemplate<class T, class MReq, class MRes> ros::ServiceServer ros::NodeHandle::advertiseService(const string&, bool (T::*)(ros::ServiceEvent<MReq, MRes>&), const boost::shared_ptr<X>&)[m[K’
 1017 |   ServiceServer [01;36m[KadvertiseService[m[K(const std::string& service, bool(T::*srv_func)(ServiceEvent<MReq, MRes>&), const boost::shared_ptr<T>& obj)
      |                 [01;36m[K^~~~~~~~~~~~~~~~[m[K
[01m[K/opt/ros/noetic/include/ros/node_handle.h:1017:17:[m[K [01;36m[Knote: [m[K  template argument deduction/substitution failed:
[01m[K/home/cexxo39/excercise1_ws/src/my_package/src/robotControl.cpp:68:90:[m[K [01;36m[Knote: [m[K  mismatched types ‘[01m[Kbool (T::*)(ros::ServiceEvent<MReq, MRes>&)[m[K’ and ‘[01m[Kbool (*)()[m[K’
   68 |  ros::ServiceServer service = n.advertiseService = n.advertiseService("Giving info", info[01;36m[K)[m[K;
      |                                                                                          [01;36m[K^[m[K
In file included from [01m[K/opt/ros/noetic/include/ros/ros.h:45[m[K,
                 from [01m[K/home/cexxo39/excercise1_ws/src/my_package/src/robotControl.cpp:1[m[K:
[01m[K/opt/ros/noetic/include/ros/node_handle.h:1061:17:[m[K [01;36m[Knote: [m[Kcandidate: ‘[01m[Ktemplate<class MReq, class MRes> ros::ServiceServer ros::NodeHandle::advertiseService(const string&, bool (*)(MReq&, MRes&))[m[K’
 1061 |   ServiceServer [01;36m[KadvertiseService[m[K(const std::string& service, bool(*srv_func)(MReq&, MRes&))
      |                 [01;36m[K^~~~~~~~~~~~~~~~[m[K
[01m[K/opt/ros/noetic/include/ros/node_handle.h:1061:17:[m[K [01;36m[Knote: [m[K  template argument deduction/substitution failed:
[01m[K/home/cexxo39/excercise1_ws/src/my_package/src/robotControl.cpp:68:90:[m[K [01;36m[Knote: [m[K  candidate expects 2 arguments, 0 provided
   68 |  ros::ServiceServer service = n.advertiseService = n.advertiseService("Giving info", info[01;36m[K)[m[K;
      |                                                                                          [01;36m[K^[m[K
In file included from [01m[K/opt/ros/noetic/include/ros/ros.h:45[m[K,
                 from [01m[K/home/cexxo39/excercise1_ws/src/my_package/src/robotControl.cpp:1[m[K:
[01m[K/opt/ros/noetic/include/ros/node_handle.h:1104:17:[m[K [01;36m[Knote: [m[Kcandidate: ‘[01m[Ktemplate<class MReq, class MRes> ros::ServiceServer ros::NodeHandle::advertiseService(const string&, bool (*)(ros::ServiceEvent<MReq, MRes>&))[m[K’
 1104 |   ServiceServer [01;36m[KadvertiseService[m[K(const std::string& service, bool(*srv_func)(ServiceEvent<MReq, MRes>&))
      |                 [01;36m[K^~~~~~~~~~~~~~~~[m[K
[01m[K/opt/ros/noetic/include/ros/node_handle.h:1104:17:[m[K [01;36m[Knote: [m[K  template argument deduction/substitution failed:
[01m[K/home/cexxo39/excercise1_ws/src/my_package/src/robotControl.cpp:68:90:[m[K [01;36m[Knote: [m[K  candidate expects 1 argument, 0 provided
   68 |  ros::ServiceServer service = n.advertiseService = n.advertiseService("Giving info", info[01;36m[K)[m[K;
      |                                                                                          [01;36m[K^[m[K
In file included from [01m[K/opt/ros/noetic/include/ros/ros.h:45[m[K,
                 from [01m[K/home/cexxo39/excercise1_ws/src/my_package/src/robotControl.cpp:1[m[K:
[01m[K/opt/ros/noetic/include/ros/node_handle.h:1145:17:[m[K [01;36m[Knote: [m[Kcandidate: ‘[01m[Ktemplate<class MReq, class MRes> ros::ServiceServer ros::NodeHandle::advertiseService(const string&, const boost::function<bool(MReq&, MRes&)>&, const VoidConstPtr&)[m[K’
 1145 |   ServiceServer [01;36m[KadvertiseService[m[K(const std::string& service, const boost::function<bool(MReq&, MRes&)>& callback,
      |                 [01;36m[K^~~~~~~~~~~~~~~~[m[K
[01m[K/opt/ros/noetic/include/ros/node_handle.h:1145:17:[m[K [01;36m[Knote: [m[K  template argument deduction/substitution failed:
[01m[K/home/cexxo39/excercise1_ws/src/my_package/src/robotControl.cpp:68:90:[m[K [01;36m[Knote: [m[K  mismatched types ‘[01m[Kconst boost::function<bool(MReq&, MRes&)>[m[K’ and ‘[01m[Kbool()[m[K’
   68 |  ros::ServiceServer service = n.advertiseService = n.advertiseService("Giving info", info[01;36m[K)[m[K;
      |                                                                                          [01;36m[K^[m[K
In file included from [01m[K/opt/ros/noetic/include/ros/ros.h:45[m[K,
                 from [01m[K/home/cexxo39/excercise1_ws/src/my_package/src/robotControl.cpp:1[m[K:
[01m[K/opt/ros/noetic/include/ros/node_handle.h:1190:17:[m[K [01;36m[Knote: [m[Kcandidate: ‘[01m[Ktemplate<class S> ros::ServiceServer ros::NodeHandle::advertiseService(const string&, const boost::function<bool(S&)>&, const VoidConstPtr&)[m[K’
 1190 |   ServiceServer [01;36m[KadvertiseService[m[K(const std::string& service, const boost::function<bool(S&)>& callback,
      |                 [01;36m[K^~~~~~~~~~~~~~~~[m[K
[01m[K/opt/ros/noetic/include/ros/node_handle.h:1190:17:[m[K [01;36m[Knote: [m[K  template argument deduction/substitution failed:
[01m[K/home/cexxo39/excercise1_ws/src/my_package/src/robotControl.cpp:68:90:[m[K [01;36m[Knote: [m[K  mismatched types ‘[01m[Kconst boost::function<bool(S&)>[m[K’ and ‘[01m[Kbool()[m[K’
   68 |  ros::ServiceServer service = n.advertiseService = n.advertiseService("Giving info", info[01;36m[K)[m[K;
      |                                                                                          [01;36m[K^[m[K
In file included from [01m[K/opt/ros/noetic/include/ros/ros.h:45[m[K,
                 from [01m[K/home/cexxo39/excercise1_ws/src/my_package/src/robotControl.cpp:1[m[K:
[01m[K/opt/ros/noetic/include/ros/node_handle.h:1222:17:[m[K [01;36m[Knote: [m[Kcandidate: ‘[01m[Kros::ServiceServer ros::NodeHandle::advertiseService(ros::AdvertiseServiceOptions&)[m[K’
 1222 |   ServiceServer [01;36m[KadvertiseService[m[K(AdvertiseServiceOptions& ops);
      |                 [01;36m[K^~~~~~~~~~~~~~~~[m[K
[01m[K/opt/ros/noetic/include/ros/node_handle.h:1222:17:[m[K [01;36m[Knote: [m[K  candidate expects 1 argument, 2 provided
make[2]: *** [CMakeFiles/robotControl.dir/build.make:63: CMakeFiles/robotControl.dir/src/robotControl.cpp.o] Error 1
make[1]: *** [CMakeFiles/Makefile2:199: CMakeFiles/robotControl.dir/all] Error 2
make[1]: *** Waiting for unfinished jobs....
make[2]: *** [CMakeFiles/listener.dir/build.make:63: CMakeFiles/listener.dir/src/listener.cpp.o] Error 1
make[1]: *** [CMakeFiles/Makefile2:172: CMakeFiles/listener.dir/all] Error 2
make: *** [Makefile:141: all] Error 2
