[  0%] Built target std_msgs_generate_messages_cpp
[  0%] Built target actionlib_msgs_generate_messages_cpp
[  0%] Built target _my_package_generate_messages_check_deps_myActionAction
[  0%] Built target _my_package_generate_messages_check_deps_myActionActionResult
[  0%] Built target _my_package_generate_messages_check_deps_my_actionFeedback
[  0%] Built target _my_package_generate_messages_check_deps_my_actionGoal
[  0%] Built target _my_package_generate_messages_check_deps_srv1
[  0%] Built target _my_package_generate_messages_check_deps_srv2
[  0%] Built target _my_package_generate_messages_check_deps_myActionActionGoal
[  0%] Built target _my_package_generate_messages_check_deps_myActionActionFeedback
[  0%] Built target _my_package_generate_messages_check_deps_myActionFeedback
[  0%] Built target _my_package_generate_messages_check_deps_RVL
[  0%] Built target _my_package_generate_messages_check_deps_my_actionActionResult
[  0%] Built target _my_package_generate_messages_check_deps_myActionGoal
[  0%] Built target _my_package_generate_messages_check_deps_myActionResult
[  0%] Built target _my_package_generate_messages_check_deps_my_actionAction
[  0%] Built target std_msgs_generate_messages_nodejs
[  0%] Built target std_msgs_generate_messages_py
[  0%] Built target actionlib_msgs_generate_messages_py
[  0%] Built target actionlib_msgs_generate_messages_nodejs
[  0%] Built target std_msgs_generate_messages_lisp
[  0%] Built target _my_package_generate_messages_check_deps_my_actionActionGoal
[  0%] Built target std_msgs_generate_messages_eus
[  0%] Built target actionlib_msgs_generate_messages_eus
[  0%] Built target actionlib_msgs_generate_messages_lisp
[  0%] Built target _my_package_generate_messages_check_deps_my_actionActionFeedback
[  0%] Built target _my_package_generate_messages_check_deps_my_actionResult
[ 94%] Built target my_package_generate_messages_lisp
[ 94%] Built target my_package_generate_messages_eus
[ 94%] Built target my_package_generate_messages_nodejs
[ 94%] Built target my_package_generate_messages_cpp
[ 95%] Built target my_package_generate_messages_py
[ 95%] Built target my_package_generate_messages
[ 96%] [32mBuilding CXX object CMakeFiles/robotControl.dir/src/robotControl.cpp.o[0m
[ 98%] Built target listener
[01m[K/home/cexxo39/excercise1_ws/src/my_package/src/robotControl.cpp:5:10:[m[K [01;31m[Kfatal error: [m[Kmy_package/my_action.h: No such file or directory
    5 | #include [01;31m[K"my_package/my_action.h"[m[K
      |          [01;31m[K^~~~~~~~~~~~~~~~~~~~~~~~[m[K
compilation terminated.
make[2]: *** [CMakeFiles/robotControl.dir/build.make:63: CMakeFiles/robotControl.dir/src/robotControl.cpp.o] Error 1
make[1]: *** [CMakeFiles/Makefile2:1891: CMakeFiles/robotControl.dir/all] Error 2
make: *** [Makefile:141: all] Error 2
