In file included from [01m[K/opt/ros/noetic/include/ros/ros.h:40[m[K,
                 from [01m[K/home/cexxo39/excercise1_ws/src/my_package/src/listener.cpp:1[m[K:
[01m[K/home/cexxo39/excercise1_ws/src/my_package/src/listener.cpp:[m[K In function ‘[01m[Kint main(int, char**)[m[K’:
[01m[K/home/cexxo39/excercise1_ws/src/my_package/src/listener.cpp:52:19:[m[K [01;31m[Kerror: [m[K‘[01m[Kclass actionlib::SimpleActionClient<my_package::my_actionAction_<std::allocator<void> > >[m[K’ has no member named ‘[01m[KgetFeedback[m[K’; did you mean ‘[01m[Ktypedef my_package::my_actionActionFeedback_<std::allocator<void> >::_feedback_type actionlib::SimpleActionClient<my_package::my_actionAction_<std::allocator<void> > >::Feedback[m[K’? (not accessible from this context)
   52 |  ROS_INFO("%d",ac.[01;31m[KgetFeedback[m[K());
      |                   [01;31m[K^~~~~~~~~~~[m[K
[01m[K/opt/ros/noetic/include/ros/console.h:351:165:[m[K [01;36m[Knote: [m[Kin definition of macro ‘[01m[KROSCONSOLE_PRINT_AT_LOCATION_WITH_FILTER[m[K’
  351 |     ::ros::console::print(filter, __rosconsole_define_location__loc.logger_, __rosconsole_define_location__loc.level_, __FILE__, __LINE__, __ROSCONSOLE_FUNCTION__, [01;36m[K__VA_ARGS__[m[K)
      |                                                                                                                                                                     [01;36m[K^~~~~~~~~~~[m[K
[01m[K/opt/ros/noetic/include/ros/console.h:390:7:[m[K [01;36m[Knote: [m[Kin expansion of macro ‘[01m[KROSCONSOLE_PRINT_AT_LOCATION[m[K’
  390 |       [01;36m[KROSCONSOLE_PRINT_AT_LOCATION[m[K(__VA_ARGS__); \
      |       [01;36m[K^~~~~~~~~~~~~~~~~~~~~~~~~~~~[m[K
[01m[K/opt/ros/noetic/include/ros/console.h:575:35:[m[K [01;36m[Knote: [m[Kin expansion of macro ‘[01m[KROS_LOG_COND[m[K’
  575 | #define ROS_LOG(level, name, ...) [01;36m[KROS_LOG_COND[m[K(true, level, name, __VA_ARGS__)
      |                                   [01;36m[K^~~~~~~~~~~~[m[K
[01m[K/opt/ros/noetic/include/rosconsole/macros_generated.h:110:23:[m[K [01;36m[Knote: [m[Kin expansion of macro ‘[01m[KROS_LOG[m[K’
  110 | #define ROS_INFO(...) [01;36m[KROS_LOG[m[K(::ros::console::levels::Info, ROSCONSOLE_DEFAULT_NAME, __VA_ARGS__)
      |                       [01;36m[K^~~~~~~[m[K
[01m[K/home/cexxo39/excercise1_ws/src/my_package/src/listener.cpp:52:2:[m[K [01;36m[Knote: [m[Kin expansion of macro ‘[01m[KROS_INFO[m[K’
   52 |  [01;36m[KROS_INFO[m[K("%d",ac.getFeedback());
      |  [01;36m[K^~~~~~~~[m[K
In file included from [01m[K/opt/ros/noetic/include/actionlib/client/client_helpers.h:45[m[K,
                 from [01m[K/opt/ros/noetic/include/actionlib/client/action_client.h:38[m[K,
                 from [01m[K/opt/ros/noetic/include/actionlib/client/simple_action_client.h:47[m[K,
                 from [01m[K/home/cexxo39/excercise1_ws/src/my_package/src/listener.cpp:4[m[K:
[01m[K/opt/ros/noetic/include/actionlib/action_definition.h:48:51:[m[K [01;36m[Knote: [m[Kdeclared private here
   48 |   typedef typename ActionFeedback::_feedback_type [01;36m[KFeedback[m[K; \
      |                                                   [01;36m[K^~~~~~~~[m[K
[01m[K/opt/ros/noetic/include/actionlib/action_definition.h:48:51:[m[K [01;36m[Knote: [m[Kin definition of macro ‘[01m[KACTION_DEFINITION[m[K’
   48 |   typedef typename ActionFeedback::_feedback_type [01;36m[KFeedback[m[K; \
      |                                                   [01;36m[K^~~~~~~~[m[K
make[2]: *** [CMakeFiles/listener.dir/build.make:63: CMakeFiles/listener.dir/src/listener.cpp.o] Error 1
make[1]: *** [CMakeFiles/Makefile2:200: CMakeFiles/listener.dir/all] Error 2
make: *** [Makefile:141: all] Error 2
