[  0%] Built target std_msgs_generate_messages_cpp
[  0%] Built target actionlib_msgs_generate_messages_cpp
[  0%] Built target _my_package_generate_messages_check_deps_srv1
[  0%] Built target _my_package_generate_messages_check_deps_myActionActionResult
[  0%] Built target _my_package_generate_messages_check_deps_my_actionFeedback
[  0%] Built target _my_package_generate_messages_check_deps_srv2
[  0%] Built target _my_package_generate_messages_check_deps_my_actionGoal
[  0%] Built target _my_package_generate_messages_check_deps_myActionAction
[  0%] Built target _my_package_generate_messages_check_deps_myActionActionGoal
[  0%] Built target _my_package_generate_messages_check_deps_myActionActionFeedback
[  0%] Built target _my_package_generate_messages_check_deps_myActionFeedback
[  0%] Built target _my_package_generate_messages_check_deps_myActionGoal
[  0%] Built target _my_package_generate_messages_check_deps_RVL
[  0%] Built target _my_package_generate_messages_check_deps_my_actionActionResult
[  0%] Built target _my_package_generate_messages_check_deps_myActionResult
[  0%] Built target std_msgs_generate_messages_nodejs
[  0%] Built target actionlib_msgs_generate_messages_nodejs
[  0%] Built target _my_package_generate_messages_check_deps_my_actionAction
[  0%] Built target actionlib_msgs_generate_messages_py
[  0%] Built target _my_package_generate_messages_check_deps_my_actionActionGoal
[  0%] Built target std_msgs_generate_messages_py
[  0%] Built target std_msgs_generate_messages_lisp
[  0%] Built target actionlib_msgs_generate_messages_lisp
[  0%] Built target _my_package_generate_messages_check_deps_my_actionActionFeedback
[  0%] Built target actionlib_msgs_generate_messages_eus
[  0%] Built target std_msgs_generate_messages_eus
[  0%] Built target _my_package_generate_messages_check_deps_my_actionResult
[ 40%] Built target my_package_generate_messages_nodejs
[ 45%] Built target my_package_generate_messages_eus
[ 70%] Built target my_package_generate_messages_cpp
[ 75%] Built target my_package_generate_messages_lisp
[ 95%] Built target my_package_generate_messages_py
[35m[1mScanning dependencies of target listener[0m
[ 95%] Built target my_package_generate_messages
[ 97%] Built target robotControl
[ 98%] [32mBuilding CXX object CMakeFiles/listener.dir/src/listener.cpp.o[0m
In file included from [01m[K/usr/include/boost/bind.hpp:22[m[K,
                 from [01m[K/opt/ros/noetic/include/ros/publisher.h:35[m[K,
                 from [01m[K/opt/ros/noetic/include/ros/node_handle.h:32[m[K,
                 from [01m[K/opt/ros/noetic/include/ros/ros.h:45[m[K,
                 from [01m[K/home/cexxo39/excercise1_ws/src/my_package/src/listener.cpp:1[m[K:
/usr/include/boost/bind/bind.hpp: In instantiation of ‘[01m[Kvoid boost::_bi::list1<A1>::operator()(boost::_bi::type<void>, F&, A&, int) [with F = void (*)(const boost::shared_ptr<const my_package::my_actionFeedback_<std::allocator<void> > >&); A = boost::_bi::rrlist2<const actionlib::SimpleClientGoalState&, const boost::shared_ptr<const my_package::my_actionResult_<std::allocator<void> > >&>; A1 = boost::arg<1>][m[K’:
[01m[K/usr/include/boost/bind/bind.hpp:1318:50:[m[K   required from ‘[01m[Kboost::_bi::bind_t<R, F, L>::result_type boost::_bi::bind_t<R, F, L>::operator()(A1&&, A2&&) [with A1 = const actionlib::SimpleClientGoalState&; A2 = const boost::shared_ptr<const my_package::my_actionResult_<std::allocator<void> > >&; R = void; F = void (*)(const boost::shared_ptr<const my_package::my_actionFeedback_<std::allocator<void> > >&); L = boost::_bi::list1<boost::arg<1> >; boost::_bi::bind_t<R, F, L>::result_type = void][m[K’
[01m[K/usr/include/boost/function/function_template.hpp:158:11:[m[K   required from ‘[01m[Kstatic void boost::detail::function::void_function_obj_invoker2<FunctionObj, R, T0, T1>::invoke(boost::detail::function::function_buffer&, T0, T1) [with FunctionObj = boost::_bi::bind_t<void, void (*)(const boost::shared_ptr<const my_package::my_actionFeedback_<std::allocator<void> > >&), boost::_bi::list1<boost::arg<1> > >; R = void; T0 = const actionlib::SimpleClientGoalState&; T1 = const boost::shared_ptr<const my_package::my_actionResult_<std::allocator<void> > >&][m[K’
[01m[K/usr/include/boost/function/function_template.hpp:931:38:[m[K   required from ‘[01m[Kvoid boost::function2<R, T1, T2>::assign_to(Functor) [with Functor = boost::_bi::bind_t<void, void (*)(const boost::shared_ptr<const my_package::my_actionFeedback_<std::allocator<void> > >&), boost::_bi::list1<boost::arg<1> > >; R = void; T0 = const actionlib::SimpleClientGoalState&; T1 = const boost::shared_ptr<const my_package::my_actionResult_<std::allocator<void> > >&][m[K’
[01m[K/usr/include/boost/function/function_template.hpp:720:7:[m[K   required from ‘[01m[Kboost::function2<R, T1, T2>::function2(Functor, typename boost::enable_if_<(! boost::is_integral<Functor>::value), int>::type) [with Functor = boost::_bi::bind_t<void, void (*)(const boost::shared_ptr<const my_package::my_actionFeedback_<std::allocator<void> > >&), boost::_bi::list1<boost::arg<1> > >; R = void; T0 = const actionlib::SimpleClientGoalState&; T1 = const boost::shared_ptr<const my_package::my_actionResult_<std::allocator<void> > >&; typename boost::enable_if_<(! boost::is_integral<Functor>::value), int>::type = int][m[K’
[01m[K/usr/include/boost/function/function_template.hpp:1068:16:[m[K   required from ‘[01m[Kboost::function<R(T0, T1)>::function(Functor, typename boost::enable_if_<(! boost::is_integral<Functor>::value), int>::type) [with Functor = boost::_bi::bind_t<void, void (*)(const boost::shared_ptr<const my_package::my_actionFeedback_<std::allocator<void> > >&), boost::_bi::list1<boost::arg<1> > >; R = void; T0 = const actionlib::SimpleClientGoalState&; T1 = const boost::shared_ptr<const my_package::my_actionResult_<std::allocator<void> > >&; typename boost::enable_if_<(! boost::is_integral<Functor>::value), int>::type = int][m[K’
[01m[K/home/cexxo39/excercise1_ws/src/my_package/src/listener.cpp:56:52:[m[K   required from here
[01m[K/usr/include/boost/bind/bind.hpp:259:35:[m[K [01;31m[Kerror: [m[Kinvalid initialization of reference of type ‘[01m[Kconst boost::shared_ptr<const my_package::my_actionFeedback_<std::allocator<void> > >&[m[K’ from expression of type ‘[01m[Kconst actionlib::SimpleClientGoalState[m[K’
  259 |         [01;31m[Kunwrapper<F>::unwrap(f, 0)(a[base_type::a1_])[m[K;
      |         [01;31m[K~~~~~~~~~~~~~~~~~~~~~~~~~~^~~~~~~~~~~~~~~~~~~[m[K
make[2]: *** [CMakeFiles/listener.dir/build.make:63: CMakeFiles/listener.dir/src/listener.cpp.o] Error 1
make[1]: *** [CMakeFiles/Makefile2:200: CMakeFiles/listener.dir/all] Error 2
make: *** [Makefile:141: all] Error 2
