[01m[K/home/cexxo39/excercise1_ws/src/my_package/src/listener.cpp:25:14:[m[K [01;31m[Kerror: [m[Kstray ‘[01m[K\23[m[K’ in program
   25 |  ros::spin();[01;31m[K[m[K
      |              [01;31m[K^[m[K
[01m[K/home/cexxo39/excercise1_ws/src/my_package/src/robotControl.cpp:[m[K In function ‘[01m[Kbool info(my_package::srv1::Request&, my_package::srv1::Response&)[m[K’:
[01m[K/home/cexxo39/excercise1_ws/src/my_package/src/robotControl.cpp:11:6:[m[K [01;31m[Kerror: [m[K‘[01m[Kmy_package::srv1::Response[m[K’ {aka ‘[01m[Kstruct my_package::srv1Response_<std::allocator<void> >[m[K’} has no member named ‘[01m[KRVL[m[K’
   11 |  res.[01;31m[KRVL[m[K = req.RVL;
      |      [01;31m[K^~~[m[K
[01m[K/home/cexxo39/excercise1_ws/src/my_package/src/robotControl.cpp:11:16:[m[K [01;31m[Kerror: [m[K‘[01m[Kmy_package::srv1::Request[m[K’ {aka ‘[01m[Kstruct my_package::srv1Request_<std::allocator<void> >[m[K’} has no member named ‘[01m[KRVL[m[K’
   11 |  res.RVL = req.[01;31m[KRVL[m[K;
      |                [01;31m[K^~~[m[K
In file included from [01m[K/opt/ros/noetic/include/ros/ros.h:40[m[K,
                 from [01m[K/home/cexxo39/excercise1_ws/src/my_package/src/robotControl.cpp:1[m[K:
[01m[K/home/cexxo39/excercise1_ws/src/my_package/src/robotControl.cpp:12:50:[m[K [01;31m[Kerror: [m[K‘[01m[Kmy_package::srv1::Response[m[K’ {aka ‘[01m[Kstruct my_package::srv1Response_<std::allocator<void> >[m[K’} has no member named ‘[01m[KRVL[m[K’
   12 |  ROS_INFO("ID: %d , Name: %s , Battery: %d", res.[01;31m[KRVL[m[K->ID, res.RVL->Name.c_str(), res.RVL->Level);
      |                                                  [01;31m[K^~~[m[K
[01m[K/opt/ros/noetic/include/ros/console.h:351:165:[m[K [01;36m[Knote: [m[Kin definition of macro ‘[01m[KROSCONSOLE_PRINT_AT_LOCATION_WITH_FILTER[m[K’
  351 |     ::ros::console::print(filter, __rosconsole_define_location__loc.logger_, __rosconsole_define_location__loc.level_, __FILE__, __LINE__, __ROSCONSOLE_FUNCTION__, [01;36m[K__VA_ARGS__[m[K)
      |                                                                                                                                                                     [01;36m[K^~~~~~~~~~~[m[K
[01m[K/opt/ros/noetic/include/ros/console.h:390:7:[m[K [01;36m[Knote: [m[Kin expansion of macro ‘[01m[KROSCONSOLE_PRINT_AT_LOCATION[m[K’
  390 |       [01;36m[KROSCONSOLE_PRINT_AT_LOCATION[m[K(__VA_ARGS__); \
      |       [01;36m[K^~~~~~~~~~~~~~~~~~~~~~~~~~~~[m[K
[01m[K/opt/ros/noetic/include/ros/console.h:575:35:[m[K [01;36m[Knote: [m[Kin expansion of macro ‘[01m[KROS_LOG_COND[m[K’
  575 | #define ROS_LOG(level, name, ...) [01;36m[KROS_LOG_COND[m[K(true, level, name, __VA_ARGS__)
      |                                   [01;36m[K^~~~~~~~~~~~[m[K
[01m[K/opt/ros/noetic/include/rosconsole/macros_generated.h:110:23:[m[K [01;36m[Knote: [m[Kin expansion of macro ‘[01m[KROS_LOG[m[K’
  110 | #define ROS_INFO(...) [01;36m[KROS_LOG[m[K(::ros::console::levels::Info, ROSCONSOLE_DEFAULT_NAME, __VA_ARGS__)
      |                       [01;36m[K^~~~~~~[m[K
[01m[K/home/cexxo39/excercise1_ws/src/my_package/src/robotControl.cpp:12:2:[m[K [01;36m[Knote: [m[Kin expansion of macro ‘[01m[KROS_INFO[m[K’
   12 |  [01;36m[KROS_INFO[m[K("ID: %d , Name: %s , Battery: %d", res.RVL->ID, res.RVL->Name.c_str(), res.RVL->Level);
      |  [01;36m[K^~~~~~~~[m[K
[01m[K/home/cexxo39/excercise1_ws/src/my_package/src/robotControl.cpp:12:63:[m[K [01;31m[Kerror: [m[K‘[01m[Kmy_package::srv1::Response[m[K’ {aka ‘[01m[Kstruct my_package::srv1Response_<std::allocator<void> >[m[K’} has no member named ‘[01m[KRVL[m[K’
   12 |  ROS_INFO("ID: %d , Name: %s , Battery: %d", res.RVL->ID, res.[01;31m[KRVL[m[K->Name.c_str(), res.RVL->Level);
      |                                                               [01;31m[K^~~[m[K
[01m[K/opt/ros/noetic/include/ros/console.h:351:165:[m[K [01;36m[Knote: [m[Kin definition of macro ‘[01m[KROSCONSOLE_PRINT_AT_LOCATION_WITH_FILTER[m[K’
  351 |     ::ros::console::print(filter, __rosconsole_define_location__loc.logger_, __rosconsole_define_location__loc.level_, __FILE__, __LINE__, __ROSCONSOLE_FUNCTION__, [01;36m[K__VA_ARGS__[m[K)
      |                                                                                                                                                                     [01;36m[K^~~~~~~~~~~[m[K
[01m[K/opt/ros/noetic/include/ros/console.h:390:7:[m[K [01;36m[Knote: [m[Kin expansion of macro ‘[01m[KROSCONSOLE_PRINT_AT_LOCATION[m[K’
  390 |       [01;36m[KROSCONSOLE_PRINT_AT_LOCATION[m[K(__VA_ARGS__); \
      |       [01;36m[K^~~~~~~~~~~~~~~~~~~~~~~~~~~~[m[K
[01m[K/opt/ros/noetic/include/ros/console.h:575:35:[m[K [01;36m[Knote: [m[Kin expansion of macro ‘[01m[KROS_LOG_COND[m[K’
  575 | #define ROS_LOG(level, name, ...) [01;36m[KROS_LOG_COND[m[K(true, level, name, __VA_ARGS__)
      |                                   [01;36m[K^~~~~~~~~~~~[m[K
[01m[K/opt/ros/noetic/include/rosconsole/macros_generated.h:110:23:[m[K [01;36m[Knote: [m[Kin expansion of macro ‘[01m[KROS_LOG[m[K’
  110 | #define ROS_INFO(...) [01;36m[KROS_LOG[m[K(::ros::console::levels::Info, ROSCONSOLE_DEFAULT_NAME, __VA_ARGS__)
      |                       [01;36m[K^~~~~~~[m[K
[01m[K/home/cexxo39/excercise1_ws/src/my_package/src/robotControl.cpp:12:2:[m[K [01;36m[Knote: [m[Kin expansion of macro ‘[01m[KROS_INFO[m[K’
   12 |  [01;36m[KROS_INFO[m[K("ID: %d , Name: %s , Battery: %d", res.RVL->ID, res.RVL->Name.c_str(), res.RVL->Level);
      |  [01;36m[K^~~~~~~~[m[K
[01m[K/home/cexxo39/excercise1_ws/src/my_package/src/robotControl.cpp:12:86:[m[K [01;31m[Kerror: [m[K‘[01m[Kmy_package::srv1::Response[m[K’ {aka ‘[01m[Kstruct my_package::srv1Response_<std::allocator<void> >[m[K’} has no member named ‘[01m[KRVL[m[K’
   12 |  ROS_INFO("ID: %d , Name: %s , Battery: %d", res.RVL->ID, res.RVL->Name.c_str(), res.[01;31m[KRVL[m[K->Level);
      |                                                                                      [01;31m[K^~~[m[K
[01m[K/opt/ros/noetic/include/ros/console.h:351:165:[m[K [01;36m[Knote: [m[Kin definition of macro ‘[01m[KROSCONSOLE_PRINT_AT_LOCATION_WITH_FILTER[m[K’
  351 |     ::ros::console::print(filter, __rosconsole_define_location__loc.logger_, __rosconsole_define_location__loc.level_, __FILE__, __LINE__, __ROSCONSOLE_FUNCTION__, [01;36m[K__VA_ARGS__[m[K)
      |                                                                                                                                                                     [01;36m[K^~~~~~~~~~~[m[K
[01m[K/opt/ros/noetic/include/ros/console.h:390:7:[m[K [01;36m[Knote: [m[Kin expansion of macro ‘[01m[KROSCONSOLE_PRINT_AT_LOCATION[m[K’
  390 |       [01;36m[KROSCONSOLE_PRINT_AT_LOCATION[m[K(__VA_ARGS__); \
      |       [01;36m[K^~~~~~~~~~~~~~~~~~~~~~~~~~~~[m[K
[01m[K/opt/ros/noetic/include/ros/console.h:575:35:[m[K [01;36m[Knote: [m[Kin expansion of macro ‘[01m[KROS_LOG_COND[m[K’
  575 | #define ROS_LOG(level, name, ...) [01;36m[KROS_LOG_COND[m[K(true, level, name, __VA_ARGS__)
      |                                   [01;36m[K^~~~~~~~~~~~[m[K
[01m[K/opt/ros/noetic/include/rosconsole/macros_generated.h:110:23:[m[K [01;36m[Knote: [m[Kin expansion of macro ‘[01m[KROS_LOG[m[K’
  110 | #define ROS_INFO(...) [01;36m[KROS_LOG[m[K(::ros::console::levels::Info, ROSCONSOLE_DEFAULT_NAME, __VA_ARGS__)
      |                       [01;36m[K^~~~~~~[m[K
[01m[K/home/cexxo39/excercise1_ws/src/my_package/src/robotControl.cpp:12:2:[m[K [01;36m[Knote: [m[Kin expansion of macro ‘[01m[KROS_INFO[m[K’
   12 |  [01;36m[KROS_INFO[m[K("ID: %d , Name: %s , Battery: %d", res.RVL->ID, res.RVL->Name.c_str(), res.RVL->Level);
      |  [01;36m[K^~~~~~~~[m[K
[01m[K/home/cexxo39/excercise1_ws/src/my_package/src/robotControl.cpp:[m[K In function ‘[01m[Kint main(int, char**)[m[K’:
[01m[K/home/cexxo39/excercise1_ws/src/my_package/src/robotControl.cpp:65:33:[m[K [01;31m[Kerror: [m[Kinvalid use of member function ‘[01m[Kros::ServiceServer ros::NodeHandle::advertiseService(ros::AdvertiseServiceOptions&)[m[K’ (did you forget the ‘[01m[K()[m[K’ ?)
   65 |  ros::ServiceServer service = [01;31m[Kn.advertiseService[m[K = n.advertiseService("Giving info", info);
      |                               [01;31m[K~~^~~~~~~~~~~~~~~~[m[K
[01m[K/home/cexxo39/excercise1_ws/src/my_package/src/listener.cpp:[m[K In function ‘[01m[Kint main(int, char**)[m[K’:
[01m[K/home/cexxo39/excercise1_ws/src/my_package/src/listener.cpp:26:32:[m[K [01;31m[Kerror: [m[K‘[01m[Kclass ros::NodeHandle[m[K’ has no member named ‘[01m[KserviceCLient[m[K’; did you mean ‘[01m[KserviceClient[m[K’?
   26 |  ros::ServiceClient client = n.[01;31m[KserviceCLient[m[K<my_package::srv1>("request robot_info");
      |                                [01;31m[K^~~~~~~~~~~~~[m[K
      |                                [32m[KserviceClient[m[K
[01m[K/home/cexxo39/excercise1_ws/src/my_package/src/listener.cpp:26:62:[m[K [01;31m[Kerror: [m[Kexpected primary-expression before ‘[01m[K>[m[K’ token
   26 |  ros::ServiceClient client = n.serviceCLient<my_package::srv1[01;31m[K>[m[K("request robot_info");
      |                                                              [01;31m[K^[m[K
[01m[K/home/cexxo39/excercise1_ws/src/my_package/src/listener.cpp:28:26:[m[K [01;31m[Kerror: [m[Kno match for ‘[01m[Koperator=[m[K’ (operand types are ‘[01m[Kmy_package::srv1Request_<std::allocator<void> >::_msg_type[m[K’ {aka ‘[01m[Kstd_msgs::Header_<std::allocator<void> >[m[K’} and ‘[01m[Kchar*[m[K’)
   28 |  srv.request.msg = argv[1[01;31m[K][m[K;
      |                          [01;31m[K^[m[K
In file included from [01m[K/home/cexxo39/excercise1_ws/devel/.private/my_package/include/my_package/srv1Request.h:18[m[K,
                 from [01m[K/home/cexxo39/excercise1_ws/devel/.private/my_package/include/my_package/srv1.h:11[m[K,
                 from [01m[K/home/cexxo39/excercise1_ws/src/my_package/src/listener.cpp:3[m[K:
[01m[K/opt/ros/noetic/include/std_msgs/Header.h:22:8:[m[K [01;36m[Knote: [m[Kcandidate: ‘[01m[Kstd_msgs::Header_<std::allocator<void> >& std_msgs::Header_<std::allocator<void> >::operator=(const std_msgs::Header_<std::allocator<void> >&)[m[K’
   22 | struct [01;36m[KHeader_[m[K
      |        [01;36m[K^~~~~~~[m[K
[01m[K/opt/ros/noetic/include/std_msgs/Header.h:22:8:[m[K [01;36m[Knote: [m[K  no known conversion for argument 1 from ‘[01m[Kchar*[m[K’ to ‘[01m[Kconst std_msgs::Header_<std::allocator<void> >&[m[K’
[01m[K/opt/ros/noetic/include/std_msgs/Header.h:22:8:[m[K [01;36m[Knote: [m[Kcandidate: ‘[01m[Kstd_msgs::Header_<std::allocator<void> >& std_msgs::Header_<std::allocator<void> >::operator=(std_msgs::Header_<std::allocator<void> >&&)[m[K’
[01m[K/opt/ros/noetic/include/std_msgs/Header.h:22:8:[m[K [01;36m[Knote: [m[K  no known conversion for argument 1 from ‘[01m[Kchar*[m[K’ to ‘[01m[Kstd_msgs::Header_<std::allocator<void> >&&[m[K’
[01m[K/home/cexxo39/excercise1_ws/src/my_package/src/listener.cpp:29:25:[m[K [01;31m[Kerror: [m[Kinvalid conversion from ‘[01m[Kchar*[m[K’ to ‘[01m[Kmy_package::srv1Request_<std::allocator<void> >::_ID_type[m[K’ {aka ‘[01m[Kint[m[K’} [[01;31m[K-fpermissive[m[K]
   29 |  srv.request.ID = [01;31m[Kargv[2][m[K;
      |                   [01;31m[K~~~~~~^[m[K
      |                         [01;31m[K|[m[K
      |                         [01;31m[Kchar*[m[K
make[2]: *** [CMakeFiles/robotControl.dir/build.make:63: CMakeFiles/robotControl.dir/src/robotControl.cpp.o] Error 1
make[1]: *** [CMakeFiles/Makefile2:199: CMakeFiles/robotControl.dir/all] Error 2
make[1]: *** Waiting for unfinished jobs....
make[2]: *** [CMakeFiles/listener.dir/build.make:63: CMakeFiles/listener.dir/src/listener.cpp.o] Error 1
make[1]: *** [CMakeFiles/Makefile2:172: CMakeFiles/listener.dir/all] Error 2
make: *** [Makefile:141: all] Error 2
